
*** Running vivado
    with args -log design_gpio_led_rst_ps7_0_100M_0.vds -m64 -product Vivado -mode batch -messageDb vivado.pb -notrace -source design_gpio_led_rst_ps7_0_100M_0.tcl


****** Vivado v2016.4 (64-bit)
  **** SW Build 1756540 on Mon Jan 23 19:11:23 MST 2017
  **** IP Build 1755317 on Mon Jan 23 20:30:07 MST 2017
    ** Copyright 1986-2016 Xilinx, Inc. All Rights Reserved.

source design_gpio_led_rst_ps7_0_100M_0.tcl -notrace
Starting RTL Elaboration : Time (s): cpu = 00:00:06 ; elapsed = 00:00:08 . Memory (MB): peak = 336.273 ; gain = 125.832
INFO: [Synth 8-638] synthesizing module 'design_gpio_led_rst_ps7_0_100M_0' [c:/Users/kab/Desktop/workspace/Zedboard_GPIO_LED/Zedboard_GPIO_LED.srcs/sources_1/bd/design_gpio_led/ip/design_gpio_led_rst_ps7_0_100M_0/synth/design_gpio_led_rst_ps7_0_100M_0.vhd:71]
INFO: [Synth 8-638] synthesizing module 'proc_sys_reset' [c:/Users/kab/Desktop/workspace/Zedboard_GPIO_LED/Zedboard_GPIO_LED.srcs/sources_1/bd/design_gpio_led/ipshared/04b4/hdl/proc_sys_reset_v5_0_vh_rfs.vhd:1323]
INFO: [Synth 8-638] synthesizing module 'lpf' [c:/Users/kab/Desktop/workspace/Zedboard_GPIO_LED/Zedboard_GPIO_LED.srcs/sources_1/bd/design_gpio_led/ipshared/04b4/hdl/proc_sys_reset_v5_0_vh_rfs.vhd:816]
INFO: [Synth 8-638] synthesizing module 'SRL16' [C:/Xilinx/Vivado/2016.4/scripts/rt/data/unisim_comp.v:43312]
INFO: [Synth 8-256] done synthesizing module 'SRL16' (1#1) [C:/Xilinx/Vivado/2016.4/scripts/rt/data/unisim_comp.v:43312]
INFO: [Synth 8-638] synthesizing module 'cdc_sync' [c:/Users/kab/Desktop/workspace/Zedboard_GPIO_LED/Zedboard_GPIO_LED.srcs/sources_1/bd/design_gpio_led/ipshared/52cb/hdl/lib_cdc_v1_0_rfs.vhd:106]
INFO: [Synth 8-256] done synthesizing module 'cdc_sync' (2#1) [c:/Users/kab/Desktop/workspace/Zedboard_GPIO_LED/Zedboard_GPIO_LED.srcs/sources_1/bd/design_gpio_led/ipshared/52cb/hdl/lib_cdc_v1_0_rfs.vhd:106]
INFO: [Synth 8-256] done synthesizing module 'lpf' (3#1) [c:/Users/kab/Desktop/workspace/Zedboard_GPIO_LED/Zedboard_GPIO_LED.srcs/sources_1/bd/design_gpio_led/ipshared/04b4/hdl/proc_sys_reset_v5_0_vh_rfs.vhd:816]
INFO: [Synth 8-638] synthesizing module 'sequence_psr' [c:/Users/kab/Desktop/workspace/Zedboard_GPIO_LED/Zedboard_GPIO_LED.srcs/sources_1/bd/design_gpio_led/ipshared/04b4/hdl/proc_sys_reset_v5_0_vh_rfs.vhd:301]
INFO: [Synth 8-638] synthesizing module 'upcnt_n' [c:/Users/kab/Desktop/workspace/Zedboard_GPIO_LED/Zedboard_GPIO_LED.srcs/sources_1/bd/design_gpio_led/ipshared/04b4/hdl/proc_sys_reset_v5_0_vh_rfs.vhd:125]
INFO: [Synth 8-256] done synthesizing module 'upcnt_n' (4#1) [c:/Users/kab/Desktop/workspace/Zedboard_GPIO_LED/Zedboard_GPIO_LED.srcs/sources_1/bd/design_gpio_led/ipshared/04b4/hdl/proc_sys_reset_v5_0_vh_rfs.vhd:125]
INFO: [Synth 8-256] done synthesizing module 'sequence_psr' (5#1) [c:/Users/kab/Desktop/workspace/Zedboard_GPIO_LED/Zedboard_GPIO_LED.srcs/sources_1/bd/design_gpio_led/ipshared/04b4/hdl/proc_sys_reset_v5_0_vh_rfs.vhd:301]
INFO: [Synth 8-256] done synthesizing module 'proc_sys_reset' (6#1) [c:/Users/kab/Desktop/workspace/Zedboard_GPIO_LED/Zedboard_GPIO_LED.srcs/sources_1/bd/design_gpio_led/ipshared/04b4/hdl/proc_sys_reset_v5_0_vh_rfs.vhd:1323]
INFO: [Synth 8-256] done synthesizing module 'design_gpio_led_rst_ps7_0_100M_0' (7#1) [c:/Users/kab/Desktop/workspace/Zedboard_GPIO_LED/Zedboard_GPIO_LED.srcs/sources_1/bd/design_gpio_led/ip/design_gpio_led_rst_ps7_0_100M_0/synth/design_gpio_led_rst_ps7_0_100M_0.vhd:71]
Finished RTL Elaboration : Time (s): cpu = 00:00:07 ; elapsed = 00:00:09 . Memory (MB): peak = 374.520 ; gain = 164.078
Finished RTL Optimization Phase 1 : Time (s): cpu = 00:00:07 ; elapsed = 00:00:09 . Memory (MB): peak = 374.520 ; gain = 164.078
INFO: [Device 21-403] Loading part xc7z020clg484-1
Constraint Validation Runtime : Time (s): cpu = 00:00:00 ; elapsed = 00:00:00.021 . Memory (MB): peak = 693.055 ; gain = 0.000
Finished Constraint Validation : Time (s): cpu = 00:00:15 ; elapsed = 00:00:18 . Memory (MB): peak = 693.055 ; gain = 482.613
Finished Loading Part and Timing Information : Time (s): cpu = 00:00:15 ; elapsed = 00:00:18 . Memory (MB): peak = 693.055 ; gain = 482.613
Finished applying 'set_property' XDC Constraints : Time (s): cpu = 00:00:15 ; elapsed = 00:00:18 . Memory (MB): peak = 693.055 ; gain = 482.613
Finished RTL Optimization Phase 2 : Time (s): cpu = 00:00:16 ; elapsed = 00:00:18 . Memory (MB): peak = 693.055 ; gain = 482.613
Finished Cross Boundary and Area Optimization : Time (s): cpu = 00:00:16 ; elapsed = 00:00:18 . Memory (MB): peak = 693.055 ; gain = 482.613
Finished Applying XDC Timing Constraints : Time (s): cpu = 00:00:25 ; elapsed = 00:00:27 . Memory (MB): peak = 693.055 ; gain = 482.613
Finished Timing Optimization : Time (s): cpu = 00:00:25 ; elapsed = 00:00:27 . Memory (MB): peak = 693.055 ; gain = 482.613
Finished Technology Mapping : Time (s): cpu = 00:00:25 ; elapsed = 00:00:27 . Memory (MB): peak = 693.055 ; gain = 482.613
Finished IO Insertion : Time (s): cpu = 00:00:25 ; elapsed = 00:00:28 . Memory (MB): peak = 693.055 ; gain = 482.613
Finished Renaming Generated Instances : Time (s): cpu = 00:00:25 ; elapsed = 00:00:28 . Memory (MB): peak = 693.055 ; gain = 482.613
Finished Rebuilding User Hierarchy : Time (s): cpu = 00:00:25 ; elapsed = 00:00:28 . Memory (MB): peak = 693.055 ; gain = 482.613
Finished Renaming Generated Ports : Time (s): cpu = 00:00:25 ; elapsed = 00:00:28 . Memory (MB): peak = 693.055 ; gain = 482.613
Finished Handling Custom Attributes : Time (s): cpu = 00:00:25 ; elapsed = 00:00:28 . Memory (MB): peak = 693.055 ; gain = 482.613
Finished Renaming Generated Nets : Time (s): cpu = 00:00:25 ; elapsed = 00:00:28 . Memory (MB): peak = 693.055 ; gain = 482.613

Report Cell Usage: 
+------+------+------+
|      |Cell  |Count |
+------+------+------+
|1     |LUT1  |     5|
|2     |LUT2  |     9|
|3     |LUT3  |     1|
|4     |LUT4  |     6|
|5     |LUT5  |     3|
|6     |LUT6  |     1|
|7     |SRL16 |     1|
|8     |FDR   |     8|
|9     |FDRE  |    28|
|10    |FDSE  |     4|
+------+------+------+
Finished Writing Synthesis Report : Time (s): cpu = 00:00:25 ; elapsed = 00:00:28 . Memory (MB): peak = 693.055 ; gain = 482.613
synth_design: Time (s): cpu = 00:00:24 ; elapsed = 00:00:24 . Memory (MB): peak = 693.055 ; gain = 431.953
