Copyright 1986-2016 Xilinx, Inc. All Rights Reserved.
----------------------------------------------------------------------------------------------------
| Tool Version : Vivado v.2016.4 (win64) Build 1756540 Mon Jan 23 19:11:23 MST 2017
| Date         : Wed Oct 11 15:40:43 2017
| Host         : KAB-nb-t470p running 64-bit major release  (build 9200)
| Command      : report_control_sets -verbose -file design_gpio_led_wrapper_control_sets_placed.rpt
| Design       : design_gpio_led_wrapper
| Device       : xc7z020
----------------------------------------------------------------------------------------------------

Control Set Information

Table of Contents
-----------------
1. Summary
2. Flip-Flop Distribution
3. Detailed Control Set Information

1. Summary
----------

+----------------------------------------------------------+-------+
|                          Status                          | Count |
+----------------------------------------------------------+-------+
| Number of unique control sets                            |    36 |
| Unused register locations in slices containing registers |    85 |
+----------------------------------------------------------+-------+


2. Flip-Flop Distribution
-------------------------

+--------------+-----------------------+------------------------+-----------------+--------------+
| Clock Enable | Synchronous Set/Reset | Asynchronous Set/Reset | Total Registers | Total Slices |
+--------------+-----------------------+------------------------+-----------------+--------------+
| No           | No                    | No                     |             145 |           43 |
| No           | No                    | Yes                    |               0 |            0 |
| No           | Yes                   | No                     |             136 |           45 |
| Yes          | No                    | No                     |             338 |           79 |
| Yes          | No                    | Yes                    |               0 |            0 |
| Yes          | Yes                   | No                     |              80 |           25 |
+--------------+-----------------------+------------------------+-----------------+--------------+


3. Detailed Control Set Information
-----------------------------------

+--------------------------------------------------------+----------------------------------------------------------------------------------------------------------------------------------------------------------------------+-------------------------------------------------------------------------------------------------------------------------------------------------+------------------+----------------+
|                      Clock Signal                      |                                                                             Enable Signal                                                                            |                                                                 Set/Reset Signal                                                                | Slice Load Count | Bel Load Count |
+--------------------------------------------------------+----------------------------------------------------------------------------------------------------------------------------------------------------------------------+-------------------------------------------------------------------------------------------------------------------------------------------------+------------------+----------------+
|  design_gpio_led_i/processing_system7_0/inst/FCLK_CLK0 | design_gpio_led_i/ps7_0_axi_periph/s00_couplers/auto_pc/inst/gen_axilite.gen_b2s_conv.axilite_b2s/WR.b_channel_0/bid_fifo_0/bresp_push                               |                                                                                                                                                 |                1 |              2 |
|  design_gpio_led_i/processing_system7_0/inst/FCLK_CLK0 |                                                                                                                                                                      | design_gpio_led_i/ps7_0_axi_periph/s00_couplers/auto_pc/inst/gen_axilite.gen_b2s_conv.axilite_b2s/SI_REG/aw_pipe/s_ready_i_reg_0                |                2 |              4 |
|  design_gpio_led_i/processing_system7_0/inst/FCLK_CLK0 | design_gpio_led_i/ps7_0_axi_periph/s00_couplers/auto_pc/inst/gen_axilite.gen_b2s_conv.axilite_b2s/RD.ar_channel_0/ar_cmd_fsm_0/axlen_cnt_reg[3][0]                   | design_gpio_led_i/ps7_0_axi_periph/s00_couplers/auto_pc/inst/gen_axilite.gen_b2s_conv.axilite_b2s/RD.ar_channel_0/ar_cmd_fsm_0/axlen_cnt_reg[7] |                2 |              4 |
|  design_gpio_led_i/processing_system7_0/inst/FCLK_CLK0 |                                                                                                                                                                      | design_gpio_led_i/axi_gpio_0/U0/AXI_LITE_IPIF_I/I_SLAVE_ATTACHMENT/clear                                                                        |                1 |              4 |
|  design_gpio_led_i/processing_system7_0/inst/FCLK_CLK0 | design_gpio_led_i/ps7_0_axi_periph/s00_couplers/auto_pc/inst/gen_axilite.gen_b2s_conv.axilite_b2s/WR.aw_channel_0/aw_cmd_fsm_0/E[0]                                  | design_gpio_led_i/ps7_0_axi_periph/s00_couplers/auto_pc/inst/gen_axilite.gen_b2s_conv.axilite_b2s/WR.aw_channel_0/aw_cmd_fsm_0/axlen_cnt_reg[7] |                2 |              4 |
|  design_gpio_led_i/processing_system7_0/inst/FCLK_CLK0 |                                                                                                                                                                      | design_gpio_led_i/rst_ps7_0_100M/U0/EXT_LPF/lpf_int                                                                                             |                2 |              4 |
|  design_gpio_led_i/processing_system7_0/inst/FCLK_CLK0 |                                                                                                                                                                      | design_gpio_led_i/ps7_0_axi_periph/s00_couplers/auto_pc/inst/gen_axilite.gen_b2s_conv.axilite_b2s/SI_REG/ar_pipe/m_valid_i_reg_0                |                2 |              4 |
|  design_gpio_led_i/processing_system7_0/inst/FCLK_CLK0 | design_gpio_led_i/rst_ps7_0_100M/U0/SEQ/seq_cnt_en                                                                                                                   | design_gpio_led_i/rst_ps7_0_100M/U0/SEQ/SEQ_COUNTER/clear                                                                                       |                1 |              6 |
|  design_gpio_led_i/processing_system7_0/inst/FCLK_CLK0 | design_gpio_led_i/axi_gpio_0/U0/AXI_LITE_IPIF_I/I_SLAVE_ATTACHMENT/start2_i_1_n_0                                                                                    | design_gpio_led_i/axi_gpio_0/U0/bus2ip_reset                                                                                                    |                4 |              8 |
|  design_gpio_led_i/processing_system7_0/inst/FCLK_CLK0 | design_gpio_led_i/axi_gpio_0/U0/AXI_LITE_IPIF_I/I_SLAVE_ATTACHMENT/I_DECODER/E[0]                                                                                    | design_gpio_led_i/axi_gpio_0/U0/bus2ip_reset                                                                                                    |                1 |              8 |
|  design_gpio_led_i/processing_system7_0/inst/FCLK_CLK0 | design_gpio_led_i/axi_gpio_0/U0/AXI_LITE_IPIF_I/I_SLAVE_ATTACHMENT/I_DECODER/Dual.gpio_OE_reg[0][0]                                                                  | design_gpio_led_i/axi_gpio_0/U0/bus2ip_reset                                                                                                    |                1 |              8 |
|  design_gpio_led_i/processing_system7_0/inst/FCLK_CLK0 | design_gpio_led_i/axi_gpio_0/U0/AXI_LITE_IPIF_I/I_SLAVE_ATTACHMENT/I_DECODER/Dual.gpio_Data_Out_reg[0][0]                                                            | design_gpio_led_i/axi_gpio_0/U0/bus2ip_reset                                                                                                    |                1 |              8 |
|  design_gpio_led_i/processing_system7_0/inst/FCLK_CLK0 | design_gpio_led_i/ps7_0_axi_periph/s00_couplers/auto_pc/inst/gen_axilite.gen_b2s_conv.axilite_b2s/WR.b_channel_0/mhandshake_r                                        | design_gpio_led_i/ps7_0_axi_periph/s00_couplers/auto_pc/inst/gen_axilite.gen_b2s_conv.axilite_b2s/WR.b_channel_0/bid_fifo_0/SR[0]               |                3 |              8 |
|  design_gpio_led_i/processing_system7_0/inst/FCLK_CLK0 | design_gpio_led_i/axi_gpio_0/U0/AXI_LITE_IPIF_I/I_SLAVE_ATTACHMENT/s_axi_rdata_i                                                                                     | design_gpio_led_i/axi_gpio_0/U0/bus2ip_reset                                                                                                    |                4 |              9 |
|  design_gpio_led_i/processing_system7_0/inst/FCLK_CLK0 | design_gpio_led_i/ps7_0_axi_periph/s00_couplers/auto_pc/inst/gen_axilite.gen_b2s_conv.axilite_b2s/RD.ar_channel_0/ar_cmd_fsm_0/E[0]                                  |                                                                                                                                                 |                5 |             12 |
|  design_gpio_led_i/processing_system7_0/inst/FCLK_CLK0 | design_gpio_led_i/ps7_0_axi_periph/s00_couplers/auto_pc/inst/gen_axilite.gen_b2s_conv.axilite_b2s/RD.ar_channel_0/ar_cmd_fsm_0/axaddr_incr_reg[11]                   |                                                                                                                                                 |                3 |             12 |
|  design_gpio_led_i/processing_system7_0/inst/FCLK_CLK0 | design_gpio_led_i/ps7_0_axi_periph/s00_couplers/auto_pc/inst/gen_axilite.gen_b2s_conv.axilite_b2s/WR.aw_channel_0/aw_cmd_fsm_0/wrap_boundary_axaddr_r_reg[0][0]      |                                                                                                                                                 |                4 |             12 |
|  design_gpio_led_i/processing_system7_0/inst/FCLK_CLK0 | design_gpio_led_i/ps7_0_axi_periph/s00_couplers/auto_pc/inst/gen_axilite.gen_b2s_conv.axilite_b2s/WR.aw_channel_0/cmd_translator_0/incr_cmd_0/axaddr_incr[0]_i_1_n_0 |                                                                                                                                                 |                3 |             12 |
|  design_gpio_led_i/processing_system7_0/inst/FCLK_CLK0 | design_gpio_led_i/ps7_0_axi_periph/s00_couplers/auto_pc/inst/gen_axilite.gen_b2s_conv.axilite_b2s/RD.r_channel_0/r_push_r                                            |                                                                                                                                                 |                4 |             13 |
|  design_gpio_led_i/processing_system7_0/inst/FCLK_CLK0 | design_gpio_led_i/ps7_0_axi_periph/s00_couplers/auto_pc/inst/gen_axilite.gen_b2s_conv.axilite_b2s/SI_REG/b_pipe/p_1_in                                               |                                                                                                                                                 |                3 |             14 |
|  design_gpio_led_i/processing_system7_0/inst/FCLK_CLK0 | design_gpio_led_i/ps7_0_axi_periph/s00_couplers/auto_pc/inst/gen_axilite.gen_b2s_conv.axilite_b2s/SI_REG/b_pipe/skid_buffer_reg[0]_0                                 |                                                                                                                                                 |                2 |             14 |
|  design_gpio_led_i/processing_system7_0/inst/FCLK_CLK0 |                                                                                                                                                                      | design_gpio_led_i/axi_gpio_0/U0/gpio_core_1/Read_Reg_Rst                                                                                        |                5 |             16 |
|  design_gpio_led_i/processing_system7_0/inst/FCLK_CLK0 | design_gpio_led_i/ps7_0_axi_periph/s00_couplers/auto_pc/inst/gen_axilite.gen_b2s_conv.axilite_b2s/WR.aw_channel_0/aw_cmd_fsm_0/b_push                                |                                                                                                                                                 |                3 |             16 |
|  design_gpio_led_i/processing_system7_0/inst/FCLK_CLK0 | design_gpio_led_i/axi_gpio_0/U0/AXI_LITE_IPIF_I/I_SLAVE_ATTACHMENT/start2                                                                                            | design_gpio_led_i/axi_gpio_0/U0/AXI_LITE_IPIF_I/I_SLAVE_ATTACHMENT/I_DECODER/GEN_BKEND_CE_REGISTERS[19].ce_out_i[19]_i_1_n_0                    |                6 |             17 |
|  design_gpio_led_i/processing_system7_0/inst/FCLK_CLK0 | design_gpio_led_i/ps7_0_axi_periph/s00_couplers/auto_pc/inst/gen_axilite.gen_b2s_conv.axilite_b2s/RD.ar_channel_0/ar_cmd_fsm_0/axlen_cnt_reg[3][0]                   |                                                                                                                                                 |                8 |             20 |
|  design_gpio_led_i/processing_system7_0/inst/FCLK_CLK0 | design_gpio_led_i/ps7_0_axi_periph/s00_couplers/auto_pc/inst/gen_axilite.gen_b2s_conv.axilite_b2s/WR.aw_channel_0/aw_cmd_fsm_0/E[0]                                  |                                                                                                                                                 |                8 |             20 |
|  design_gpio_led_i/processing_system7_0/inst/FCLK_CLK0 | design_gpio_led_i/ps7_0_axi_periph/s00_couplers/auto_pc/inst/gen_axilite.gen_b2s_conv.axilite_b2s/RD.ar_channel_0/ar_cmd_fsm_0/m_payload_i_reg[0]_1[0]               |                                                                                                                                                 |                7 |             32 |
|  design_gpio_led_i/processing_system7_0/inst/FCLK_CLK0 | design_gpio_led_i/ps7_0_axi_periph/s00_couplers/auto_pc/inst/gen_axilite.gen_b2s_conv.axilite_b2s/SI_REG/ar_pipe/s_axi_arready                                       |                                                                                                                                                 |                7 |             32 |
|  design_gpio_led_i/processing_system7_0/inst/FCLK_CLK0 | design_gpio_led_i/ps7_0_axi_periph/s00_couplers/auto_pc/inst/gen_axilite.gen_b2s_conv.axilite_b2s/SI_REG/aw_pipe/s_axi_awready                                       |                                                                                                                                                 |                7 |             32 |
|  design_gpio_led_i/processing_system7_0/inst/FCLK_CLK0 | design_gpio_led_i/ps7_0_axi_periph/s00_couplers/auto_pc/inst/gen_axilite.gen_b2s_conv.axilite_b2s/WR.aw_channel_0/aw_cmd_fsm_0/m_payload_i_reg[0][0]                 |                                                                                                                                                 |                6 |             32 |
|  design_gpio_led_i/processing_system7_0/inst/FCLK_CLK0 | design_gpio_led_i/ps7_0_axi_periph/s00_couplers/auto_pc/inst/gen_axilite.gen_b2s_conv.axilite_b2s/RD.r_channel_0/rd_data_fifo_0/wr_en0                               |                                                                                                                                                 |                9 |             34 |
|  design_gpio_led_i/processing_system7_0/inst/FCLK_CLK0 |                                                                                                                                                                      | design_gpio_led_i/axi_gpio_0/U0/bus2ip_reset                                                                                                    |               15 |             47 |
|  design_gpio_led_i/processing_system7_0/inst/FCLK_CLK0 | design_gpio_led_i/ps7_0_axi_periph/s00_couplers/auto_pc/inst/gen_axilite.gen_b2s_conv.axilite_b2s/SI_REG/r_pipe/p_1_in                                               |                                                                                                                                                 |                8 |             47 |
|  design_gpio_led_i/processing_system7_0/inst/FCLK_CLK0 | design_gpio_led_i/ps7_0_axi_periph/s00_couplers/auto_pc/inst/gen_axilite.gen_b2s_conv.axilite_b2s/SI_REG/r_pipe/skid_buffer_reg[0]_0                                 |                                                                                                                                                 |                8 |             47 |
|  design_gpio_led_i/processing_system7_0/inst/FCLK_CLK0 |                                                                                                                                                                      | design_gpio_led_i/ps7_0_axi_periph/s00_couplers/auto_pc/inst/gen_axilite.gen_b2s_conv.axilite_b2s/areset_d1                                     |               18 |             57 |
|  design_gpio_led_i/processing_system7_0/inst/FCLK_CLK0 |                                                                                                                                                                      |                                                                                                                                                 |               44 |            146 |
+--------------------------------------------------------+----------------------------------------------------------------------------------------------------------------------------------------------------------------------+-------------------------------------------------------------------------------------------------------------------------------------------------+------------------+----------------+


+--------+-----------------------+
| Fanout | Number of ControlSets |
+--------+-----------------------+
| 2      |                     1 |
| 4      |                     6 |
| 6      |                     1 |
| 8      |                     5 |
| 9      |                     1 |
| 12     |                     4 |
| 13     |                     1 |
| 14     |                     2 |
| 16+    |                    15 |
+--------+-----------------------+


