
*** Running vivado
    with args -log design_gpio_led_axi_gpio_0_0.vds -m64 -product Vivado -mode batch -messageDb vivado.pb -notrace -source design_gpio_led_axi_gpio_0_0.tcl


****** Vivado v2016.4 (64-bit)
  **** SW Build 1756540 on Mon Jan 23 19:11:23 MST 2017
  **** IP Build 1755317 on Mon Jan 23 20:30:07 MST 2017
    ** Copyright 1986-2016 Xilinx, Inc. All Rights Reserved.

source design_gpio_led_axi_gpio_0_0.tcl -notrace
Starting RTL Elaboration : Time (s): cpu = 00:00:07 ; elapsed = 00:00:08 . Memory (MB): peak = 346.984 ; gain = 136.992
INFO: [Synth 8-638] synthesizing module 'design_gpio_led_axi_gpio_0_0' [c:/Users/kab/Desktop/workspace/Zedboard_GPIO_LED/Zedboard_GPIO_LED.srcs/sources_1/bd/design_gpio_led/ip/design_gpio_led_axi_gpio_0_0/synth/design_gpio_led_axi_gpio_0_0.vhd:86]
INFO: [Synth 8-638] synthesizing module 'axi_gpio' [c:/Users/kab/Desktop/workspace/Zedboard_GPIO_LED/Zedboard_GPIO_LED.srcs/sources_1/bd/design_gpio_led/ipshared/4f16/hdl/axi_gpio_v2_0_vh_rfs.vhd:1091]
INFO: [Synth 8-638] synthesizing module 'axi_lite_ipif' [c:/Users/kab/Desktop/workspace/Zedboard_GPIO_LED/Zedboard_GPIO_LED.srcs/sources_1/bd/design_gpio_led/ipshared/0ba0/hdl/axi_lite_ipif_v3_0_vh_rfs.vhd:2948]
INFO: [Synth 8-638] synthesizing module 'slave_attachment' [c:/Users/kab/Desktop/workspace/Zedboard_GPIO_LED/Zedboard_GPIO_LED.srcs/sources_1/bd/design_gpio_led/ipshared/0ba0/hdl/axi_lite_ipif_v3_0_vh_rfs.vhd:2341]
INFO: [Synth 8-638] synthesizing module 'address_decoder' [c:/Users/kab/Desktop/workspace/Zedboard_GPIO_LED/Zedboard_GPIO_LED.srcs/sources_1/bd/design_gpio_led/ipshared/0ba0/hdl/axi_lite_ipif_v3_0_vh_rfs.vhd:1775]
INFO: [Synth 8-638] synthesizing module 'pselect_f' [c:/Users/kab/Desktop/workspace/Zedboard_GPIO_LED/Zedboard_GPIO_LED.srcs/sources_1/bd/design_gpio_led/ipshared/0ba0/hdl/axi_lite_ipif_v3_0_vh_rfs.vhd:1534]
INFO: [Synth 8-256] done synthesizing module 'pselect_f' (1#1) [c:/Users/kab/Desktop/workspace/Zedboard_GPIO_LED/Zedboard_GPIO_LED.srcs/sources_1/bd/design_gpio_led/ipshared/0ba0/hdl/axi_lite_ipif_v3_0_vh_rfs.vhd:1534]
INFO: [Synth 8-638] synthesizing module 'pselect_f__parameterized0' [c:/Users/kab/Desktop/workspace/Zedboard_GPIO_LED/Zedboard_GPIO_LED.srcs/sources_1/bd/design_gpio_led/ipshared/0ba0/hdl/axi_lite_ipif_v3_0_vh_rfs.vhd:1534]
INFO: [Synth 8-256] done synthesizing module 'pselect_f__parameterized0' (1#1) [c:/Users/kab/Desktop/workspace/Zedboard_GPIO_LED/Zedboard_GPIO_LED.srcs/sources_1/bd/design_gpio_led/ipshared/0ba0/hdl/axi_lite_ipif_v3_0_vh_rfs.vhd:1534]
INFO: [Synth 8-638] synthesizing module 'pselect_f__parameterized1' [c:/Users/kab/Desktop/workspace/Zedboard_GPIO_LED/Zedboard_GPIO_LED.srcs/sources_1/bd/design_gpio_led/ipshared/0ba0/hdl/axi_lite_ipif_v3_0_vh_rfs.vhd:1534]
INFO: [Synth 8-256] done synthesizing module 'pselect_f__parameterized1' (1#1) [c:/Users/kab/Desktop/workspace/Zedboard_GPIO_LED/Zedboard_GPIO_LED.srcs/sources_1/bd/design_gpio_led/ipshared/0ba0/hdl/axi_lite_ipif_v3_0_vh_rfs.vhd:1534]
INFO: [Synth 8-638] synthesizing module 'pselect_f__parameterized2' [c:/Users/kab/Desktop/workspace/Zedboard_GPIO_LED/Zedboard_GPIO_LED.srcs/sources_1/bd/design_gpio_led/ipshared/0ba0/hdl/axi_lite_ipif_v3_0_vh_rfs.vhd:1534]
INFO: [Synth 8-256] done synthesizing module 'pselect_f__parameterized2' (1#1) [c:/Users/kab/Desktop/workspace/Zedboard_GPIO_LED/Zedboard_GPIO_LED.srcs/sources_1/bd/design_gpio_led/ipshared/0ba0/hdl/axi_lite_ipif_v3_0_vh_rfs.vhd:1534]
INFO: [Synth 8-638] synthesizing module 'pselect_f__parameterized3' [c:/Users/kab/Desktop/workspace/Zedboard_GPIO_LED/Zedboard_GPIO_LED.srcs/sources_1/bd/design_gpio_led/ipshared/0ba0/hdl/axi_lite_ipif_v3_0_vh_rfs.vhd:1534]
INFO: [Synth 8-256] done synthesizing module 'pselect_f__parameterized3' (1#1) [c:/Users/kab/Desktop/workspace/Zedboard_GPIO_LED/Zedboard_GPIO_LED.srcs/sources_1/bd/design_gpio_led/ipshared/0ba0/hdl/axi_lite_ipif_v3_0_vh_rfs.vhd:1534]
INFO: [Synth 8-638] synthesizing module 'pselect_f__parameterized4' [c:/Users/kab/Desktop/workspace/Zedboard_GPIO_LED/Zedboard_GPIO_LED.srcs/sources_1/bd/design_gpio_led/ipshared/0ba0/hdl/axi_lite_ipif_v3_0_vh_rfs.vhd:1534]
INFO: [Synth 8-256] done synthesizing module 'pselect_f__parameterized4' (1#1) [c:/Users/kab/Desktop/workspace/Zedboard_GPIO_LED/Zedboard_GPIO_LED.srcs/sources_1/bd/design_gpio_led/ipshared/0ba0/hdl/axi_lite_ipif_v3_0_vh_rfs.vhd:1534]
INFO: [Synth 8-638] synthesizing module 'pselect_f__parameterized5' [c:/Users/kab/Desktop/workspace/Zedboard_GPIO_LED/Zedboard_GPIO_LED.srcs/sources_1/bd/design_gpio_led/ipshared/0ba0/hdl/axi_lite_ipif_v3_0_vh_rfs.vhd:1534]
INFO: [Synth 8-256] done synthesizing module 'pselect_f__parameterized5' (1#1) [c:/Users/kab/Desktop/workspace/Zedboard_GPIO_LED/Zedboard_GPIO_LED.srcs/sources_1/bd/design_gpio_led/ipshared/0ba0/hdl/axi_lite_ipif_v3_0_vh_rfs.vhd:1534]
INFO: [Synth 8-638] synthesizing module 'pselect_f__parameterized6' [c:/Users/kab/Desktop/workspace/Zedboard_GPIO_LED/Zedboard_GPIO_LED.srcs/sources_1/bd/design_gpio_led/ipshared/0ba0/hdl/axi_lite_ipif_v3_0_vh_rfs.vhd:1534]
INFO: [Synth 8-256] done synthesizing module 'pselect_f__parameterized6' (1#1) [c:/Users/kab/Desktop/workspace/Zedboard_GPIO_LED/Zedboard_GPIO_LED.srcs/sources_1/bd/design_gpio_led/ipshared/0ba0/hdl/axi_lite_ipif_v3_0_vh_rfs.vhd:1534]
INFO: [Synth 8-638] synthesizing module 'pselect_f__parameterized7' [c:/Users/kab/Desktop/workspace/Zedboard_GPIO_LED/Zedboard_GPIO_LED.srcs/sources_1/bd/design_gpio_led/ipshared/0ba0/hdl/axi_lite_ipif_v3_0_vh_rfs.vhd:1534]
INFO: [Synth 8-256] done synthesizing module 'pselect_f__parameterized7' (1#1) [c:/Users/kab/Desktop/workspace/Zedboard_GPIO_LED/Zedboard_GPIO_LED.srcs/sources_1/bd/design_gpio_led/ipshared/0ba0/hdl/axi_lite_ipif_v3_0_vh_rfs.vhd:1534]
INFO: [Synth 8-638] synthesizing module 'pselect_f__parameterized8' [c:/Users/kab/Desktop/workspace/Zedboard_GPIO_LED/Zedboard_GPIO_LED.srcs/sources_1/bd/design_gpio_led/ipshared/0ba0/hdl/axi_lite_ipif_v3_0_vh_rfs.vhd:1534]
INFO: [Synth 8-256] done synthesizing module 'pselect_f__parameterized8' (1#1) [c:/Users/kab/Desktop/workspace/Zedboard_GPIO_LED/Zedboard_GPIO_LED.srcs/sources_1/bd/design_gpio_led/ipshared/0ba0/hdl/axi_lite_ipif_v3_0_vh_rfs.vhd:1534]
INFO: [Synth 8-638] synthesizing module 'pselect_f__parameterized9' [c:/Users/kab/Desktop/workspace/Zedboard_GPIO_LED/Zedboard_GPIO_LED.srcs/sources_1/bd/design_gpio_led/ipshared/0ba0/hdl/axi_lite_ipif_v3_0_vh_rfs.vhd:1534]
INFO: [Synth 8-256] done synthesizing module 'pselect_f__parameterized9' (1#1) [c:/Users/kab/Desktop/workspace/Zedboard_GPIO_LED/Zedboard_GPIO_LED.srcs/sources_1/bd/design_gpio_led/ipshared/0ba0/hdl/axi_lite_ipif_v3_0_vh_rfs.vhd:1534]
INFO: [Synth 8-638] synthesizing module 'pselect_f__parameterized10' [c:/Users/kab/Desktop/workspace/Zedboard_GPIO_LED/Zedboard_GPIO_LED.srcs/sources_1/bd/design_gpio_led/ipshared/0ba0/hdl/axi_lite_ipif_v3_0_vh_rfs.vhd:1534]
INFO: [Synth 8-256] done synthesizing module 'pselect_f__parameterized10' (1#1) [c:/Users/kab/Desktop/workspace/Zedboard_GPIO_LED/Zedboard_GPIO_LED.srcs/sources_1/bd/design_gpio_led/ipshared/0ba0/hdl/axi_lite_ipif_v3_0_vh_rfs.vhd:1534]
INFO: [Synth 8-638] synthesizing module 'pselect_f__parameterized11' [c:/Users/kab/Desktop/workspace/Zedboard_GPIO_LED/Zedboard_GPIO_LED.srcs/sources_1/bd/design_gpio_led/ipshared/0ba0/hdl/axi_lite_ipif_v3_0_vh_rfs.vhd:1534]
INFO: [Synth 8-256] done synthesizing module 'pselect_f__parameterized11' (1#1) [c:/Users/kab/Desktop/workspace/Zedboard_GPIO_LED/Zedboard_GPIO_LED.srcs/sources_1/bd/design_gpio_led/ipshared/0ba0/hdl/axi_lite_ipif_v3_0_vh_rfs.vhd:1534]
INFO: [Synth 8-638] synthesizing module 'pselect_f__parameterized12' [c:/Users/kab/Desktop/workspace/Zedboard_GPIO_LED/Zedboard_GPIO_LED.srcs/sources_1/bd/design_gpio_led/ipshared/0ba0/hdl/axi_lite_ipif_v3_0_vh_rfs.vhd:1534]
INFO: [Synth 8-256] done synthesizing module 'pselect_f__parameterized12' (1#1) [c:/Users/kab/Desktop/workspace/Zedboard_GPIO_LED/Zedboard_GPIO_LED.srcs/sources_1/bd/design_gpio_led/ipshared/0ba0/hdl/axi_lite_ipif_v3_0_vh_rfs.vhd:1534]
INFO: [Synth 8-638] synthesizing module 'pselect_f__parameterized13' [c:/Users/kab/Desktop/workspace/Zedboard_GPIO_LED/Zedboard_GPIO_LED.srcs/sources_1/bd/design_gpio_led/ipshared/0ba0/hdl/axi_lite_ipif_v3_0_vh_rfs.vhd:1534]
INFO: [Synth 8-256] done synthesizing module 'pselect_f__parameterized13' (1#1) [c:/Users/kab/Desktop/workspace/Zedboard_GPIO_LED/Zedboard_GPIO_LED.srcs/sources_1/bd/design_gpio_led/ipshared/0ba0/hdl/axi_lite_ipif_v3_0_vh_rfs.vhd:1534]
INFO: [Synth 8-638] synthesizing module 'pselect_f__parameterized14' [c:/Users/kab/Desktop/workspace/Zedboard_GPIO_LED/Zedboard_GPIO_LED.srcs/sources_1/bd/design_gpio_led/ipshared/0ba0/hdl/axi_lite_ipif_v3_0_vh_rfs.vhd:1534]
INFO: [Synth 8-256] done synthesizing module 'pselect_f__parameterized14' (1#1) [c:/Users/kab/Desktop/workspace/Zedboard_GPIO_LED/Zedboard_GPIO_LED.srcs/sources_1/bd/design_gpio_led/ipshared/0ba0/hdl/axi_lite_ipif_v3_0_vh_rfs.vhd:1534]
INFO: [Synth 8-638] synthesizing module 'pselect_f__parameterized15' [c:/Users/kab/Desktop/workspace/Zedboard_GPIO_LED/Zedboard_GPIO_LED.srcs/sources_1/bd/design_gpio_led/ipshared/0ba0/hdl/axi_lite_ipif_v3_0_vh_rfs.vhd:1534]
INFO: [Synth 8-256] done synthesizing module 'pselect_f__parameterized15' (1#1) [c:/Users/kab/Desktop/workspace/Zedboard_GPIO_LED/Zedboard_GPIO_LED.srcs/sources_1/bd/design_gpio_led/ipshared/0ba0/hdl/axi_lite_ipif_v3_0_vh_rfs.vhd:1534]
INFO: [Synth 8-638] synthesizing module 'pselect_f__parameterized16' [c:/Users/kab/Desktop/workspace/Zedboard_GPIO_LED/Zedboard_GPIO_LED.srcs/sources_1/bd/design_gpio_led/ipshared/0ba0/hdl/axi_lite_ipif_v3_0_vh_rfs.vhd:1534]
INFO: [Synth 8-256] done synthesizing module 'pselect_f__parameterized16' (1#1) [c:/Users/kab/Desktop/workspace/Zedboard_GPIO_LED/Zedboard_GPIO_LED.srcs/sources_1/bd/design_gpio_led/ipshared/0ba0/hdl/axi_lite_ipif_v3_0_vh_rfs.vhd:1534]
INFO: [Synth 8-638] synthesizing module 'pselect_f__parameterized17' [c:/Users/kab/Desktop/workspace/Zedboard_GPIO_LED/Zedboard_GPIO_LED.srcs/sources_1/bd/design_gpio_led/ipshared/0ba0/hdl/axi_lite_ipif_v3_0_vh_rfs.vhd:1534]
INFO: [Synth 8-256] done synthesizing module 'pselect_f__parameterized17' (1#1) [c:/Users/kab/Desktop/workspace/Zedboard_GPIO_LED/Zedboard_GPIO_LED.srcs/sources_1/bd/design_gpio_led/ipshared/0ba0/hdl/axi_lite_ipif_v3_0_vh_rfs.vhd:1534]
INFO: [Synth 8-638] synthesizing module 'pselect_f__parameterized18' [c:/Users/kab/Desktop/workspace/Zedboard_GPIO_LED/Zedboard_GPIO_LED.srcs/sources_1/bd/design_gpio_led/ipshared/0ba0/hdl/axi_lite_ipif_v3_0_vh_rfs.vhd:1534]
INFO: [Synth 8-256] done synthesizing module 'pselect_f__parameterized18' (1#1) [c:/Users/kab/Desktop/workspace/Zedboard_GPIO_LED/Zedboard_GPIO_LED.srcs/sources_1/bd/design_gpio_led/ipshared/0ba0/hdl/axi_lite_ipif_v3_0_vh_rfs.vhd:1534]
INFO: [Synth 8-638] synthesizing module 'pselect_f__parameterized19' [c:/Users/kab/Desktop/workspace/Zedboard_GPIO_LED/Zedboard_GPIO_LED.srcs/sources_1/bd/design_gpio_led/ipshared/0ba0/hdl/axi_lite_ipif_v3_0_vh_rfs.vhd:1534]
INFO: [Synth 8-256] done synthesizing module 'pselect_f__parameterized19' (1#1) [c:/Users/kab/Desktop/workspace/Zedboard_GPIO_LED/Zedboard_GPIO_LED.srcs/sources_1/bd/design_gpio_led/ipshared/0ba0/hdl/axi_lite_ipif_v3_0_vh_rfs.vhd:1534]
INFO: [Synth 8-638] synthesizing module 'pselect_f__parameterized20' [c:/Users/kab/Desktop/workspace/Zedboard_GPIO_LED/Zedboard_GPIO_LED.srcs/sources_1/bd/design_gpio_led/ipshared/0ba0/hdl/axi_lite_ipif_v3_0_vh_rfs.vhd:1534]
INFO: [Synth 8-256] done synthesizing module 'pselect_f__parameterized20' (1#1) [c:/Users/kab/Desktop/workspace/Zedboard_GPIO_LED/Zedboard_GPIO_LED.srcs/sources_1/bd/design_gpio_led/ipshared/0ba0/hdl/axi_lite_ipif_v3_0_vh_rfs.vhd:1534]
INFO: [Synth 8-256] done synthesizing module 'address_decoder' (2#1) [c:/Users/kab/Desktop/workspace/Zedboard_GPIO_LED/Zedboard_GPIO_LED.srcs/sources_1/bd/design_gpio_led/ipshared/0ba0/hdl/axi_lite_ipif_v3_0_vh_rfs.vhd:1775]
INFO: [Synth 8-256] done synthesizing module 'slave_attachment' (3#1) [c:/Users/kab/Desktop/workspace/Zedboard_GPIO_LED/Zedboard_GPIO_LED.srcs/sources_1/bd/design_gpio_led/ipshared/0ba0/hdl/axi_lite_ipif_v3_0_vh_rfs.vhd:2341]
INFO: [Synth 8-256] done synthesizing module 'axi_lite_ipif' (4#1) [c:/Users/kab/Desktop/workspace/Zedboard_GPIO_LED/Zedboard_GPIO_LED.srcs/sources_1/bd/design_gpio_led/ipshared/0ba0/hdl/axi_lite_ipif_v3_0_vh_rfs.vhd:2948]
INFO: [Synth 8-638] synthesizing module 'interrupt_control' [c:/Users/kab/Desktop/workspace/Zedboard_GPIO_LED/Zedboard_GPIO_LED.srcs/sources_1/bd/design_gpio_led/ipshared/e956/hdl/interrupt_control_v3_1_vh_rfs.vhd:259]
INFO: [Synth 8-256] done synthesizing module 'interrupt_control' (5#1) [c:/Users/kab/Desktop/workspace/Zedboard_GPIO_LED/Zedboard_GPIO_LED.srcs/sources_1/bd/design_gpio_led/ipshared/e956/hdl/interrupt_control_v3_1_vh_rfs.vhd:259]
INFO: [Synth 8-638] synthesizing module 'GPIO_Core' [c:/Users/kab/Desktop/workspace/Zedboard_GPIO_LED/Zedboard_GPIO_LED.srcs/sources_1/bd/design_gpio_led/ipshared/4f16/hdl/axi_gpio_v2_0_vh_rfs.vhd:173]
INFO: [Synth 8-638] synthesizing module 'cdc_sync' [c:/Users/kab/Desktop/workspace/Zedboard_GPIO_LED/Zedboard_GPIO_LED.srcs/sources_1/bd/design_gpio_led/ipshared/52cb/hdl/lib_cdc_v1_0_rfs.vhd:106]
INFO: [Synth 8-256] done synthesizing module 'cdc_sync' (6#1) [c:/Users/kab/Desktop/workspace/Zedboard_GPIO_LED/Zedboard_GPIO_LED.srcs/sources_1/bd/design_gpio_led/ipshared/52cb/hdl/lib_cdc_v1_0_rfs.vhd:106]
INFO: [Synth 8-256] done synthesizing module 'GPIO_Core' (7#1) [c:/Users/kab/Desktop/workspace/Zedboard_GPIO_LED/Zedboard_GPIO_LED.srcs/sources_1/bd/design_gpio_led/ipshared/4f16/hdl/axi_gpio_v2_0_vh_rfs.vhd:173]
INFO: [Synth 8-256] done synthesizing module 'axi_gpio' (8#1) [c:/Users/kab/Desktop/workspace/Zedboard_GPIO_LED/Zedboard_GPIO_LED.srcs/sources_1/bd/design_gpio_led/ipshared/4f16/hdl/axi_gpio_v2_0_vh_rfs.vhd:1091]
INFO: [Synth 8-256] done synthesizing module 'design_gpio_led_axi_gpio_0_0' (9#1) [c:/Users/kab/Desktop/workspace/Zedboard_GPIO_LED/Zedboard_GPIO_LED.srcs/sources_1/bd/design_gpio_led/ip/design_gpio_led_axi_gpio_0_0/synth/design_gpio_led_axi_gpio_0_0.vhd:86]
Finished RTL Elaboration : Time (s): cpu = 00:00:08 ; elapsed = 00:00:09 . Memory (MB): peak = 385.156 ; gain = 175.164
Finished RTL Optimization Phase 1 : Time (s): cpu = 00:00:08 ; elapsed = 00:00:10 . Memory (MB): peak = 385.156 ; gain = 175.164
INFO: [Device 21-403] Loading part xc7z020clg484-1
Constraint Validation Runtime : Time (s): cpu = 00:00:00 ; elapsed = 00:00:00.040 . Memory (MB): peak = 707.777 ; gain = 0.000
Finished Constraint Validation : Time (s): cpu = 00:00:16 ; elapsed = 00:00:18 . Memory (MB): peak = 707.777 ; gain = 497.785
Finished Loading Part and Timing Information : Time (s): cpu = 00:00:16 ; elapsed = 00:00:18 . Memory (MB): peak = 707.777 ; gain = 497.785
Finished applying 'set_property' XDC Constraints : Time (s): cpu = 00:00:16 ; elapsed = 00:00:18 . Memory (MB): peak = 707.777 ; gain = 497.785
Finished RTL Optimization Phase 2 : Time (s): cpu = 00:00:17 ; elapsed = 00:00:19 . Memory (MB): peak = 707.777 ; gain = 497.785
Finished Cross Boundary and Area Optimization : Time (s): cpu = 00:00:18 ; elapsed = 00:00:20 . Memory (MB): peak = 707.777 ; gain = 497.785
Finished Applying XDC Timing Constraints : Time (s): cpu = 00:00:27 ; elapsed = 00:00:29 . Memory (MB): peak = 707.777 ; gain = 497.785
Finished Timing Optimization : Time (s): cpu = 00:00:27 ; elapsed = 00:00:29 . Memory (MB): peak = 707.777 ; gain = 497.785
Finished Technology Mapping : Time (s): cpu = 00:00:27 ; elapsed = 00:00:30 . Memory (MB): peak = 707.777 ; gain = 497.785
Finished IO Insertion : Time (s): cpu = 00:00:28 ; elapsed = 00:00:30 . Memory (MB): peak = 707.777 ; gain = 497.785
Finished Renaming Generated Instances : Time (s): cpu = 00:00:28 ; elapsed = 00:00:30 . Memory (MB): peak = 707.777 ; gain = 497.785
Finished Rebuilding User Hierarchy : Time (s): cpu = 00:00:28 ; elapsed = 00:00:30 . Memory (MB): peak = 707.777 ; gain = 497.785
Finished Renaming Generated Ports : Time (s): cpu = 00:00:28 ; elapsed = 00:00:30 . Memory (MB): peak = 707.777 ; gain = 497.785
Finished Handling Custom Attributes : Time (s): cpu = 00:00:28 ; elapsed = 00:00:30 . Memory (MB): peak = 707.777 ; gain = 497.785
Finished Renaming Generated Nets : Time (s): cpu = 00:00:28 ; elapsed = 00:00:30 . Memory (MB): peak = 707.777 ; gain = 497.785

Report Cell Usage: 
+------+-----+------+
|      |Cell |Count |
+------+-----+------+
|1     |LUT1 |     2|
|2     |LUT2 |    20|
|3     |LUT3 |     6|
|4     |LUT4 |    19|
|5     |LUT5 |    25|
|6     |LUT6 |    48|
|7     |FDR  |    64|
|8     |FDRE |   140|
|9     |FDSE |    20|
+------+-----+------+
Finished Writing Synthesis Report : Time (s): cpu = 00:00:28 ; elapsed = 00:00:30 . Memory (MB): peak = 707.777 ; gain = 497.785
synth_design: Time (s): cpu = 00:00:25 ; elapsed = 00:00:26 . Memory (MB): peak = 707.777 ; gain = 443.523
