15:06:39 INFO  : Registering command handlers for SDK TCF services
15:06:39 INFO  : Launching XSCT server: xsct.bat -interactive C:\Users\kab\Desktop\workspace\Zedboard_GPIO_LED\Zedboard_GPIO_LED.sdk\temp_xsdb_launch_script.tcl
15:06:40 INFO  : XSCT server has started successfully.
15:06:41 INFO  : Successfully done setting XSCT server connection channel  
15:06:41 INFO  : Processing command line option -hwspec C:/Users/kab/Desktop/workspace/Zedboard_GPIO_LED/Zedboard_GPIO_LED.sdk/design_gpio_led_wrapper.hdf.
15:06:41 INFO  : Successfully done setting SDK workspace  
15:08:35 INFO  : Connected to target on host '127.0.0.1' and port '3121'.
15:08:39 INFO  : 'targets -set -filter {jtag_cable_name =~ "Digilent Zed 210248570623" && level==0} -index 1' command is executed.
15:08:43 INFO  : FPGA configured successfully with bitstream "C:/Users/kab/Desktop/workspace/Zedboard_GPIO_LED/Zedboard_GPIO_LED.sdk/design_gpio_led_wrapper_hw_platform_0/design_gpio_led_wrapper.bit"
15:09:21 INFO  : 'targets -set -filter {jtag_cable_name =~ "Digilent Zed 210248570623" && level==0} -index 1' command is executed.
15:09:22 INFO  : 'fpga -state' command is executed.
15:09:22 INFO  : Connected to target on host '127.0.0.1' and port '3121'.
15:09:22 INFO  : Jtag cable 'Digilent Zed 210248570623' is selected.
15:09:23 INFO  : 'jtag frequency' command is executed.
15:09:23 INFO  : Sourcing of 'C:/Users/kab/Desktop/workspace/Zedboard_GPIO_LED/Zedboard_GPIO_LED.sdk/design_gpio_led_wrapper_hw_platform_0/ps7_init.tcl' is done.
15:09:23 INFO  : Context for 'APU' is selected.
15:09:23 INFO  : Hardware design information is loaded from 'C:/Users/kab/Desktop/workspace/Zedboard_GPIO_LED/Zedboard_GPIO_LED.sdk/design_gpio_led_wrapper_hw_platform_0/system.hdf'.
15:09:23 INFO  : Context for 'APU' is selected.
15:09:24 INFO  : 'stop' command is executed.
15:09:31 INFO  : 'ps7_init' command is executed.
15:09:31 INFO  : 'ps7_post_config' command is executed.
15:09:32 INFO  : Context for processor 'ps7_cortexa9_0' is selected.
15:09:32 INFO  : Processor reset is completed for 'ps7_cortexa9_0'.
15:09:32 INFO  : Context for processor 'ps7_cortexa9_0' is selected.
15:09:33 INFO  : The application 'C:/Users/kab/Desktop/workspace/Zedboard_GPIO_LED/Zedboard_GPIO_LED.sdk/LED_GPIO/Debug/LED_GPIO.elf' is downloaded to processor 'ps7_cortexa9_0'.
15:09:33 INFO  : ----------------XSDB Script----------------
connect -url tcp:127.0.0.1:3121
source C:/Users/kab/Desktop/workspace/Zedboard_GPIO_LED/Zedboard_GPIO_LED.sdk/design_gpio_led_wrapper_hw_platform_0/ps7_init.tcl
targets -set -nocase -filter {name =~"APU*" && jtag_cable_name =~ "Digilent Zed 210248570623"} -index 0
loadhw C:/Users/kab/Desktop/workspace/Zedboard_GPIO_LED/Zedboard_GPIO_LED.sdk/design_gpio_led_wrapper_hw_platform_0/system.hdf
targets -set -nocase -filter {name =~"APU*" && jtag_cable_name =~ "Digilent Zed 210248570623"} -index 0
stop
ps7_init
ps7_post_config
targets -set -nocase -filter {name =~ "ARM*#0" && jtag_cable_name =~ "Digilent Zed 210248570623"} -index 0
rst -processor
targets -set -nocase -filter {name =~ "ARM*#0" && jtag_cable_name =~ "Digilent Zed 210248570623"} -index 0
dow C:/Users/kab/Desktop/workspace/Zedboard_GPIO_LED/Zedboard_GPIO_LED.sdk/LED_GPIO/Debug/LED_GPIO.elf
----------------End of Script----------------

15:09:33 INFO  : Memory regions updated for context APU
15:09:33 INFO  : Context for processor 'ps7_cortexa9_0' is selected.
15:09:33 INFO  : 'con' command is executed.
15:09:33 INFO  : ----------------XSDB Script (After Launch)----------------
targets -set -nocase -filter {name =~ "ARM*#0" && jtag_cable_name =~ "Digilent Zed 210248570623"} -index 0
con
----------------End of Script----------------

15:09:33 INFO  : Launch script is exported to file 'C:\Users\kab\Desktop\workspace\Zedboard_GPIO_LED\Zedboard_GPIO_LED.sdk\.sdk\launch_scripts\xilinx_c-c++_application_(system_debugger)\debug_led_gpio.tcl'
15:10:10 INFO  : Disconnected from the channel tcfchan#1.
15:10:12 INFO  : 'targets -set -filter {jtag_cable_name =~ "Digilent Zed 210248570623" && level==0} -index 1' command is executed.
15:10:13 INFO  : 'fpga -state' command is executed.
15:10:13 INFO  : Connected to target on host '127.0.0.1' and port '3121'.
15:10:13 INFO  : Jtag cable 'Digilent Zed 210248570623' is selected.
15:10:13 INFO  : 'jtag frequency' command is executed.
15:10:13 INFO  : Sourcing of 'C:/Users/kab/Desktop/workspace/Zedboard_GPIO_LED/Zedboard_GPIO_LED.sdk/design_gpio_led_wrapper_hw_platform_0/ps7_init.tcl' is done.
15:10:13 INFO  : Context for 'APU' is selected.
15:10:15 INFO  : Hardware design information is loaded from 'C:/Users/kab/Desktop/workspace/Zedboard_GPIO_LED/Zedboard_GPIO_LED.sdk/design_gpio_led_wrapper_hw_platform_0/system.hdf'.
15:10:15 INFO  : Context for 'APU' is selected.
15:10:15 INFO  : 'stop' command is executed.
15:10:28 INFO  : 'ps7_init' command is executed.
15:10:29 INFO  : 'ps7_post_config' command is executed.
15:10:29 INFO  : Context for processor 'ps7_cortexa9_0' is selected.
15:10:31 INFO  : Processor reset is completed for 'ps7_cortexa9_0'.
15:10:31 INFO  : Context for processor 'ps7_cortexa9_0' is selected.
15:10:31 INFO  : The application 'C:/Users/kab/Desktop/workspace/Zedboard_GPIO_LED/Zedboard_GPIO_LED.sdk/LED_GPIO/Debug/LED_GPIO.elf' is downloaded to processor 'ps7_cortexa9_0'.
15:10:31 INFO  : ----------------XSDB Script----------------
connect -url tcp:127.0.0.1:3121
source C:/Users/kab/Desktop/workspace/Zedboard_GPIO_LED/Zedboard_GPIO_LED.sdk/design_gpio_led_wrapper_hw_platform_0/ps7_init.tcl
targets -set -nocase -filter {name =~"APU*" && jtag_cable_name =~ "Digilent Zed 210248570623"} -index 0
loadhw C:/Users/kab/Desktop/workspace/Zedboard_GPIO_LED/Zedboard_GPIO_LED.sdk/design_gpio_led_wrapper_hw_platform_0/system.hdf
targets -set -nocase -filter {name =~"APU*" && jtag_cable_name =~ "Digilent Zed 210248570623"} -index 0
stop
ps7_init
ps7_post_config
targets -set -nocase -filter {name =~ "ARM*#0" && jtag_cable_name =~ "Digilent Zed 210248570623"} -index 0
rst -processor
targets -set -nocase -filter {name =~ "ARM*#0" && jtag_cable_name =~ "Digilent Zed 210248570623"} -index 0
dow C:/Users/kab/Desktop/workspace/Zedboard_GPIO_LED/Zedboard_GPIO_LED.sdk/LED_GPIO/Debug/LED_GPIO.elf
----------------End of Script----------------

15:10:32 INFO  : Memory regions updated for context APU
15:10:32 INFO  : Context for processor 'ps7_cortexa9_0' is selected.
15:10:33 INFO  : 'con' command is executed.
15:10:33 INFO  : ----------------XSDB Script (After Launch)----------------
targets -set -nocase -filter {name =~ "ARM*#0" && jtag_cable_name =~ "Digilent Zed 210248570623"} -index 0
con
----------------End of Script----------------

15:10:33 INFO  : Launch script is exported to file 'C:\Users\kab\Desktop\workspace\Zedboard_GPIO_LED\Zedboard_GPIO_LED.sdk\.sdk\launch_scripts\xilinx_c-c++_application_(system_debugger)\debug_led_gpio.tcl'
15:10:59 INFO  : Disconnected from the channel tcfchan#2.
15:11:01 INFO  : 'targets -set -filter {jtag_cable_name =~ "Digilent Zed 210248570623" && level==0} -index 1' command is executed.
15:11:01 INFO  : 'fpga -state' command is executed.
15:11:01 INFO  : Connected to target on host '127.0.0.1' and port '3121'.
15:11:02 INFO  : Jtag cable 'Digilent Zed 210248570623' is selected.
15:11:02 INFO  : 'jtag frequency' command is executed.
15:11:02 INFO  : Sourcing of 'C:/Users/kab/Desktop/workspace/Zedboard_GPIO_LED/Zedboard_GPIO_LED.sdk/design_gpio_led_wrapper_hw_platform_0/ps7_init.tcl' is done.
15:11:02 INFO  : Context for 'APU' is selected.
15:11:05 INFO  : Hardware design information is loaded from 'C:/Users/kab/Desktop/workspace/Zedboard_GPIO_LED/Zedboard_GPIO_LED.sdk/design_gpio_led_wrapper_hw_platform_0/system.hdf'.
15:11:05 INFO  : Context for 'APU' is selected.
15:11:05 INFO  : 'stop' command is executed.
15:11:06 INFO  : 'ps7_init' command is executed.
15:11:07 INFO  : 'ps7_post_config' command is executed.
15:11:08 INFO  : Context for processor 'ps7_cortexa9_0' is selected.
15:11:08 INFO  : Processor reset is completed for 'ps7_cortexa9_0'.
15:11:08 INFO  : Context for processor 'ps7_cortexa9_0' is selected.
15:11:09 INFO  : The application 'C:/Users/kab/Desktop/workspace/Zedboard_GPIO_LED/Zedboard_GPIO_LED.sdk/LED_GPIO/Debug/LED_GPIO.elf' is downloaded to processor 'ps7_cortexa9_0'.
15:11:09 INFO  : ----------------XSDB Script----------------
connect -url tcp:127.0.0.1:3121
source C:/Users/kab/Desktop/workspace/Zedboard_GPIO_LED/Zedboard_GPIO_LED.sdk/design_gpio_led_wrapper_hw_platform_0/ps7_init.tcl
targets -set -nocase -filter {name =~"APU*" && jtag_cable_name =~ "Digilent Zed 210248570623"} -index 0
loadhw C:/Users/kab/Desktop/workspace/Zedboard_GPIO_LED/Zedboard_GPIO_LED.sdk/design_gpio_led_wrapper_hw_platform_0/system.hdf
targets -set -nocase -filter {name =~"APU*" && jtag_cable_name =~ "Digilent Zed 210248570623"} -index 0
stop
ps7_init
ps7_post_config
targets -set -nocase -filter {name =~ "ARM*#0" && jtag_cable_name =~ "Digilent Zed 210248570623"} -index 0
rst -processor
targets -set -nocase -filter {name =~ "ARM*#0" && jtag_cable_name =~ "Digilent Zed 210248570623"} -index 0
dow C:/Users/kab/Desktop/workspace/Zedboard_GPIO_LED/Zedboard_GPIO_LED.sdk/LED_GPIO/Debug/LED_GPIO.elf
----------------End of Script----------------

15:11:10 INFO  : Memory regions updated for context APU
15:11:10 INFO  : Context for processor 'ps7_cortexa9_0' is selected.
15:11:10 INFO  : 'con' command is executed.
15:11:10 INFO  : ----------------XSDB Script (After Launch)----------------
targets -set -nocase -filter {name =~ "ARM*#0" && jtag_cable_name =~ "Digilent Zed 210248570623"} -index 0
con
----------------End of Script----------------

15:11:10 INFO  : Launch script is exported to file 'C:\Users\kab\Desktop\workspace\Zedboard_GPIO_LED\Zedboard_GPIO_LED.sdk\.sdk\launch_scripts\xilinx_c-c++_application_(system_debugger)\debug_led_gpio.tcl'
15:11:33 INFO  : Disconnected from the channel tcfchan#3.
15:11:35 INFO  : 'targets -set -filter {jtag_cable_name =~ "Digilent Zed 210248570623" && level==0} -index 1' command is executed.
15:11:35 INFO  : 'fpga -state' command is executed.
15:11:35 INFO  : Connected to target on host '127.0.0.1' and port '3121'.
15:11:36 INFO  : Jtag cable 'Digilent Zed 210248570623' is selected.
15:11:36 INFO  : 'jtag frequency' command is executed.
15:11:36 INFO  : Sourcing of 'C:/Users/kab/Desktop/workspace/Zedboard_GPIO_LED/Zedboard_GPIO_LED.sdk/design_gpio_led_wrapper_hw_platform_0/ps7_init.tcl' is done.
15:11:36 INFO  : Context for 'APU' is selected.
15:11:38 INFO  : Hardware design information is loaded from 'C:/Users/kab/Desktop/workspace/Zedboard_GPIO_LED/Zedboard_GPIO_LED.sdk/design_gpio_led_wrapper_hw_platform_0/system.hdf'.
15:11:38 INFO  : Context for 'APU' is selected.
15:11:39 INFO  : 'stop' command is executed.
15:11:47 INFO  : 'ps7_init' command is executed.
15:11:49 INFO  : 'ps7_post_config' command is executed.
15:11:49 INFO  : Context for processor 'ps7_cortexa9_0' is selected.
15:11:51 INFO  : Processor reset is completed for 'ps7_cortexa9_0'.
15:11:51 INFO  : Context for processor 'ps7_cortexa9_0' is selected.
15:11:51 INFO  : The application 'C:/Users/kab/Desktop/workspace/Zedboard_GPIO_LED/Zedboard_GPIO_LED.sdk/LED_GPIO/Debug/LED_GPIO.elf' is downloaded to processor 'ps7_cortexa9_0'.
15:11:51 INFO  : ----------------XSDB Script----------------
connect -url tcp:127.0.0.1:3121
source C:/Users/kab/Desktop/workspace/Zedboard_GPIO_LED/Zedboard_GPIO_LED.sdk/design_gpio_led_wrapper_hw_platform_0/ps7_init.tcl
targets -set -nocase -filter {name =~"APU*" && jtag_cable_name =~ "Digilent Zed 210248570623"} -index 0
loadhw C:/Users/kab/Desktop/workspace/Zedboard_GPIO_LED/Zedboard_GPIO_LED.sdk/design_gpio_led_wrapper_hw_platform_0/system.hdf
targets -set -nocase -filter {name =~"APU*" && jtag_cable_name =~ "Digilent Zed 210248570623"} -index 0
stop
ps7_init
ps7_post_config
targets -set -nocase -filter {name =~ "ARM*#0" && jtag_cable_name =~ "Digilent Zed 210248570623"} -index 0
rst -processor
targets -set -nocase -filter {name =~ "ARM*#0" && jtag_cable_name =~ "Digilent Zed 210248570623"} -index 0
dow C:/Users/kab/Desktop/workspace/Zedboard_GPIO_LED/Zedboard_GPIO_LED.sdk/LED_GPIO/Debug/LED_GPIO.elf
----------------End of Script----------------

15:11:51 INFO  : Memory regions updated for context APU
15:11:51 INFO  : Context for processor 'ps7_cortexa9_0' is selected.
15:11:51 INFO  : 'con' command is executed.
15:11:51 INFO  : ----------------XSDB Script (After Launch)----------------
targets -set -nocase -filter {name =~ "ARM*#0" && jtag_cable_name =~ "Digilent Zed 210248570623"} -index 0
con
----------------End of Script----------------

15:11:51 INFO  : Launch script is exported to file 'C:\Users\kab\Desktop\workspace\Zedboard_GPIO_LED\Zedboard_GPIO_LED.sdk\.sdk\launch_scripts\xilinx_c-c++_application_(system_debugger)\debug_led_gpio.tcl'
15:16:56 INFO  : Disconnected from the channel tcfchan#4.
15:16:58 INFO  : 'targets -set -filter {jtag_cable_name =~ "Digilent Zed 210248570623" && level==0} -index 1' command is executed.
15:16:58 INFO  : 'fpga -state' command is executed.
15:16:58 INFO  : Connected to target on host '127.0.0.1' and port '3121'.
15:16:59 INFO  : Jtag cable 'Digilent Zed 210248570623' is selected.
15:16:59 INFO  : 'jtag frequency' command is executed.
15:16:59 INFO  : Sourcing of 'C:/Users/kab/Desktop/workspace/Zedboard_GPIO_LED/Zedboard_GPIO_LED.sdk/design_gpio_led_wrapper_hw_platform_0/ps7_init.tcl' is done.
15:16:59 INFO  : Context for 'APU' is selected.
15:17:02 INFO  : Hardware design information is loaded from 'C:/Users/kab/Desktop/workspace/Zedboard_GPIO_LED/Zedboard_GPIO_LED.sdk/design_gpio_led_wrapper_hw_platform_0/system.hdf'.
15:17:02 INFO  : Context for 'APU' is selected.
15:17:02 INFO  : 'stop' command is executed.
15:17:11 INFO  : 'ps7_init' command is executed.
15:17:12 INFO  : 'ps7_post_config' command is executed.
15:17:12 INFO  : Context for processor 'ps7_cortexa9_0' is selected.
15:17:13 INFO  : Processor reset is completed for 'ps7_cortexa9_0'.
15:17:13 INFO  : Context for processor 'ps7_cortexa9_0' is selected.
15:17:13 INFO  : The application 'C:/Users/kab/Desktop/workspace/Zedboard_GPIO_LED/Zedboard_GPIO_LED.sdk/LED_GPIO/Debug/LED_GPIO.elf' is downloaded to processor 'ps7_cortexa9_0'.
15:17:13 INFO  : ----------------XSDB Script----------------
connect -url tcp:127.0.0.1:3121
source C:/Users/kab/Desktop/workspace/Zedboard_GPIO_LED/Zedboard_GPIO_LED.sdk/design_gpio_led_wrapper_hw_platform_0/ps7_init.tcl
targets -set -nocase -filter {name =~"APU*" && jtag_cable_name =~ "Digilent Zed 210248570623"} -index 0
loadhw C:/Users/kab/Desktop/workspace/Zedboard_GPIO_LED/Zedboard_GPIO_LED.sdk/design_gpio_led_wrapper_hw_platform_0/system.hdf
targets -set -nocase -filter {name =~"APU*" && jtag_cable_name =~ "Digilent Zed 210248570623"} -index 0
stop
ps7_init
ps7_post_config
targets -set -nocase -filter {name =~ "ARM*#0" && jtag_cable_name =~ "Digilent Zed 210248570623"} -index 0
rst -processor
targets -set -nocase -filter {name =~ "ARM*#0" && jtag_cable_name =~ "Digilent Zed 210248570623"} -index 0
dow C:/Users/kab/Desktop/workspace/Zedboard_GPIO_LED/Zedboard_GPIO_LED.sdk/LED_GPIO/Debug/LED_GPIO.elf
----------------End of Script----------------

15:17:15 INFO  : Memory regions updated for context APU
15:17:15 INFO  : Context for processor 'ps7_cortexa9_0' is selected.
15:17:15 INFO  : 'con' command is executed.
15:17:15 INFO  : ----------------XSDB Script (After Launch)----------------
targets -set -nocase -filter {name =~ "ARM*#0" && jtag_cable_name =~ "Digilent Zed 210248570623"} -index 0
con
----------------End of Script----------------

15:17:15 INFO  : Launch script is exported to file 'C:\Users\kab\Desktop\workspace\Zedboard_GPIO_LED\Zedboard_GPIO_LED.sdk\.sdk\launch_scripts\xilinx_c-c++_application_(system_debugger)\debug_led_gpio.tcl'
15:18:13 INFO  : Disconnected from the channel tcfchan#5.
15:18:15 INFO  : 'targets -set -filter {jtag_cable_name =~ "Digilent Zed 210248570623" && level==0} -index 1' command is executed.
15:18:15 INFO  : 'fpga -state' command is executed.
15:18:15 INFO  : Connected to target on host '127.0.0.1' and port '3121'.
15:18:15 INFO  : Jtag cable 'Digilent Zed 210248570623' is selected.
15:18:15 INFO  : 'jtag frequency' command is executed.
15:18:15 INFO  : Sourcing of 'C:/Users/kab/Desktop/workspace/Zedboard_GPIO_LED/Zedboard_GPIO_LED.sdk/design_gpio_led_wrapper_hw_platform_0/ps7_init.tcl' is done.
15:18:15 INFO  : Context for 'APU' is selected.
15:18:17 INFO  : Hardware design information is loaded from 'C:/Users/kab/Desktop/workspace/Zedboard_GPIO_LED/Zedboard_GPIO_LED.sdk/design_gpio_led_wrapper_hw_platform_0/system.hdf'.
15:18:17 INFO  : Context for 'APU' is selected.
15:18:19 INFO  : 'stop' command is executed.
15:18:24 INFO  : 'ps7_init' command is executed.
15:18:24 INFO  : 'ps7_post_config' command is executed.
15:18:24 INFO  : Context for processor 'ps7_cortexa9_0' is selected.
15:18:25 INFO  : Processor reset is completed for 'ps7_cortexa9_0'.
15:18:25 INFO  : Context for processor 'ps7_cortexa9_0' is selected.
15:18:27 INFO  : The application 'C:/Users/kab/Desktop/workspace/Zedboard_GPIO_LED/Zedboard_GPIO_LED.sdk/LED_GPIO/Debug/LED_GPIO.elf' is downloaded to processor 'ps7_cortexa9_0'.
15:18:27 INFO  : ----------------XSDB Script----------------
connect -url tcp:127.0.0.1:3121
source C:/Users/kab/Desktop/workspace/Zedboard_GPIO_LED/Zedboard_GPIO_LED.sdk/design_gpio_led_wrapper_hw_platform_0/ps7_init.tcl
targets -set -nocase -filter {name =~"APU*" && jtag_cable_name =~ "Digilent Zed 210248570623"} -index 0
loadhw C:/Users/kab/Desktop/workspace/Zedboard_GPIO_LED/Zedboard_GPIO_LED.sdk/design_gpio_led_wrapper_hw_platform_0/system.hdf
targets -set -nocase -filter {name =~"APU*" && jtag_cable_name =~ "Digilent Zed 210248570623"} -index 0
stop
ps7_init
ps7_post_config
targets -set -nocase -filter {name =~ "ARM*#0" && jtag_cable_name =~ "Digilent Zed 210248570623"} -index 0
rst -processor
targets -set -nocase -filter {name =~ "ARM*#0" && jtag_cable_name =~ "Digilent Zed 210248570623"} -index 0
dow C:/Users/kab/Desktop/workspace/Zedboard_GPIO_LED/Zedboard_GPIO_LED.sdk/LED_GPIO/Debug/LED_GPIO.elf
----------------End of Script----------------

15:18:27 INFO  : Memory regions updated for context APU
15:18:27 INFO  : Context for processor 'ps7_cortexa9_0' is selected.
15:18:28 INFO  : 'con' command is executed.
15:18:28 INFO  : ----------------XSDB Script (After Launch)----------------
targets -set -nocase -filter {name =~ "ARM*#0" && jtag_cable_name =~ "Digilent Zed 210248570623"} -index 0
con
----------------End of Script----------------

15:18:28 INFO  : Launch script is exported to file 'C:\Users\kab\Desktop\workspace\Zedboard_GPIO_LED\Zedboard_GPIO_LED.sdk\.sdk\launch_scripts\xilinx_c-c++_application_(system_debugger)\debug_led_gpio.tcl'
15:19:12 INFO  : Disconnected from the channel tcfchan#6.
15:19:14 INFO  : 'targets -set -filter {jtag_cable_name =~ "Digilent Zed 210248570623" && level==0} -index 1' command is executed.
15:19:15 INFO  : 'fpga -state' command is executed.
15:19:15 INFO  : Connected to target on host '127.0.0.1' and port '3121'.
15:19:15 INFO  : Jtag cable 'Digilent Zed 210248570623' is selected.
15:19:16 INFO  : 'jtag frequency' command is executed.
15:19:16 INFO  : Sourcing of 'C:/Users/kab/Desktop/workspace/Zedboard_GPIO_LED/Zedboard_GPIO_LED.sdk/design_gpio_led_wrapper_hw_platform_0/ps7_init.tcl' is done.
15:19:16 INFO  : Context for 'APU' is selected.
15:19:18 INFO  : Hardware design information is loaded from 'C:/Users/kab/Desktop/workspace/Zedboard_GPIO_LED/Zedboard_GPIO_LED.sdk/design_gpio_led_wrapper_hw_platform_0/system.hdf'.
15:19:18 INFO  : Context for 'APU' is selected.
15:19:18 INFO  : 'stop' command is executed.
15:19:33 INFO  : 'ps7_init' command is executed.
15:19:33 INFO  : 'ps7_post_config' command is executed.
15:19:33 INFO  : Context for processor 'ps7_cortexa9_0' is selected.
15:19:33 INFO  : Processor reset is completed for 'ps7_cortexa9_0'.
15:19:33 INFO  : Context for processor 'ps7_cortexa9_0' is selected.
15:19:35 INFO  : The application 'C:/Users/kab/Desktop/workspace/Zedboard_GPIO_LED/Zedboard_GPIO_LED.sdk/LED_GPIO/Debug/LED_GPIO.elf' is downloaded to processor 'ps7_cortexa9_0'.
15:19:35 INFO  : ----------------XSDB Script----------------
connect -url tcp:127.0.0.1:3121
source C:/Users/kab/Desktop/workspace/Zedboard_GPIO_LED/Zedboard_GPIO_LED.sdk/design_gpio_led_wrapper_hw_platform_0/ps7_init.tcl
targets -set -nocase -filter {name =~"APU*" && jtag_cable_name =~ "Digilent Zed 210248570623"} -index 0
loadhw C:/Users/kab/Desktop/workspace/Zedboard_GPIO_LED/Zedboard_GPIO_LED.sdk/design_gpio_led_wrapper_hw_platform_0/system.hdf
targets -set -nocase -filter {name =~"APU*" && jtag_cable_name =~ "Digilent Zed 210248570623"} -index 0
stop
ps7_init
ps7_post_config
targets -set -nocase -filter {name =~ "ARM*#0" && jtag_cable_name =~ "Digilent Zed 210248570623"} -index 0
rst -processor
targets -set -nocase -filter {name =~ "ARM*#0" && jtag_cable_name =~ "Digilent Zed 210248570623"} -index 0
dow C:/Users/kab/Desktop/workspace/Zedboard_GPIO_LED/Zedboard_GPIO_LED.sdk/LED_GPIO/Debug/LED_GPIO.elf
----------------End of Script----------------

15:19:36 INFO  : Memory regions updated for context APU
15:19:38 INFO  : Context for processor 'ps7_cortexa9_0' is selected.
15:19:38 INFO  : 'con' command is executed.
15:19:38 INFO  : ----------------XSDB Script (After Launch)----------------
targets -set -nocase -filter {name =~ "ARM*#0" && jtag_cable_name =~ "Digilent Zed 210248570623"} -index 0
con
----------------End of Script----------------

15:19:38 INFO  : Launch script is exported to file 'C:\Users\kab\Desktop\workspace\Zedboard_GPIO_LED\Zedboard_GPIO_LED.sdk\.sdk\launch_scripts\xilinx_c-c++_application_(system_debugger)\debug_led_gpio.tcl'
15:21:14 INFO  : Disconnected from the channel tcfchan#7.
15:21:16 INFO  : 'targets -set -filter {jtag_cable_name =~ "Digilent Zed 210248570623" && level==0} -index 1' command is executed.
15:21:16 INFO  : 'fpga -state' command is executed.
15:21:16 INFO  : Connected to target on host '127.0.0.1' and port '3121'.
15:21:17 INFO  : Jtag cable 'Digilent Zed 210248570623' is selected.
15:21:17 INFO  : 'jtag frequency' command is executed.
15:21:17 INFO  : Sourcing of 'C:/Users/kab/Desktop/workspace/Zedboard_GPIO_LED/Zedboard_GPIO_LED.sdk/design_gpio_led_wrapper_hw_platform_0/ps7_init.tcl' is done.
15:21:17 INFO  : Context for 'APU' is selected.
15:21:19 INFO  : Hardware design information is loaded from 'C:/Users/kab/Desktop/workspace/Zedboard_GPIO_LED/Zedboard_GPIO_LED.sdk/design_gpio_led_wrapper_hw_platform_0/system.hdf'.
15:21:19 INFO  : Context for 'APU' is selected.
15:21:19 INFO  : 'stop' command is executed.
15:21:21 INFO  : 'ps7_init' command is executed.
15:21:22 INFO  : 'ps7_post_config' command is executed.
15:21:22 INFO  : Context for processor 'ps7_cortexa9_0' is selected.
15:21:22 INFO  : Processor reset is completed for 'ps7_cortexa9_0'.
15:21:22 INFO  : Context for processor 'ps7_cortexa9_0' is selected.
15:21:22 INFO  : The application 'C:/Users/kab/Desktop/workspace/Zedboard_GPIO_LED/Zedboard_GPIO_LED.sdk/LED_GPIO/Debug/LED_GPIO.elf' is downloaded to processor 'ps7_cortexa9_0'.
15:21:22 INFO  : ----------------XSDB Script----------------
connect -url tcp:127.0.0.1:3121
source C:/Users/kab/Desktop/workspace/Zedboard_GPIO_LED/Zedboard_GPIO_LED.sdk/design_gpio_led_wrapper_hw_platform_0/ps7_init.tcl
targets -set -nocase -filter {name =~"APU*" && jtag_cable_name =~ "Digilent Zed 210248570623"} -index 0
loadhw C:/Users/kab/Desktop/workspace/Zedboard_GPIO_LED/Zedboard_GPIO_LED.sdk/design_gpio_led_wrapper_hw_platform_0/system.hdf
targets -set -nocase -filter {name =~"APU*" && jtag_cable_name =~ "Digilent Zed 210248570623"} -index 0
stop
ps7_init
ps7_post_config
targets -set -nocase -filter {name =~ "ARM*#0" && jtag_cable_name =~ "Digilent Zed 210248570623"} -index 0
rst -processor
targets -set -nocase -filter {name =~ "ARM*#0" && jtag_cable_name =~ "Digilent Zed 210248570623"} -index 0
dow C:/Users/kab/Desktop/workspace/Zedboard_GPIO_LED/Zedboard_GPIO_LED.sdk/LED_GPIO/Debug/LED_GPIO.elf
----------------End of Script----------------

15:21:22 INFO  : Memory regions updated for context APU
15:21:23 INFO  : Context for processor 'ps7_cortexa9_0' is selected.
15:21:23 INFO  : 'con' command is executed.
15:21:23 INFO  : ----------------XSDB Script (After Launch)----------------
targets -set -nocase -filter {name =~ "ARM*#0" && jtag_cable_name =~ "Digilent Zed 210248570623"} -index 0
con
----------------End of Script----------------

15:21:23 INFO  : Launch script is exported to file 'C:\Users\kab\Desktop\workspace\Zedboard_GPIO_LED\Zedboard_GPIO_LED.sdk\.sdk\launch_scripts\xilinx_c-c++_application_(system_debugger)\debug_led_gpio.tcl'
15:22:17 INFO  : Disconnected from the channel tcfchan#8.
15:22:18 INFO  : 'targets -set -filter {jtag_cable_name =~ "Digilent Zed 210248570623" && level==0} -index 1' command is executed.
15:22:18 INFO  : 'fpga -state' command is executed.
15:22:18 INFO  : Connected to target on host '127.0.0.1' and port '3121'.
15:22:19 INFO  : Jtag cable 'Digilent Zed 210248570623' is selected.
15:22:20 INFO  : 'jtag frequency' command is executed.
15:22:20 INFO  : Sourcing of 'C:/Users/kab/Desktop/workspace/Zedboard_GPIO_LED/Zedboard_GPIO_LED.sdk/design_gpio_led_wrapper_hw_platform_0/ps7_init.tcl' is done.
15:22:20 INFO  : Context for 'APU' is selected.
15:22:22 INFO  : Hardware design information is loaded from 'C:/Users/kab/Desktop/workspace/Zedboard_GPIO_LED/Zedboard_GPIO_LED.sdk/design_gpio_led_wrapper_hw_platform_0/system.hdf'.
15:22:22 INFO  : Context for 'APU' is selected.
15:22:23 INFO  : 'stop' command is executed.
15:22:31 INFO  : 'ps7_init' command is executed.
15:22:31 INFO  : 'ps7_post_config' command is executed.
15:22:32 INFO  : Context for processor 'ps7_cortexa9_0' is selected.
15:22:32 INFO  : Processor reset is completed for 'ps7_cortexa9_0'.
15:22:32 INFO  : Context for processor 'ps7_cortexa9_0' is selected.
15:22:33 INFO  : The application 'C:/Users/kab/Desktop/workspace/Zedboard_GPIO_LED/Zedboard_GPIO_LED.sdk/LED_GPIO/Debug/LED_GPIO.elf' is downloaded to processor 'ps7_cortexa9_0'.
15:22:33 INFO  : ----------------XSDB Script----------------
connect -url tcp:127.0.0.1:3121
source C:/Users/kab/Desktop/workspace/Zedboard_GPIO_LED/Zedboard_GPIO_LED.sdk/design_gpio_led_wrapper_hw_platform_0/ps7_init.tcl
targets -set -nocase -filter {name =~"APU*" && jtag_cable_name =~ "Digilent Zed 210248570623"} -index 0
loadhw C:/Users/kab/Desktop/workspace/Zedboard_GPIO_LED/Zedboard_GPIO_LED.sdk/design_gpio_led_wrapper_hw_platform_0/system.hdf
targets -set -nocase -filter {name =~"APU*" && jtag_cable_name =~ "Digilent Zed 210248570623"} -index 0
stop
ps7_init
ps7_post_config
targets -set -nocase -filter {name =~ "ARM*#0" && jtag_cable_name =~ "Digilent Zed 210248570623"} -index 0
rst -processor
targets -set -nocase -filter {name =~ "ARM*#0" && jtag_cable_name =~ "Digilent Zed 210248570623"} -index 0
dow C:/Users/kab/Desktop/workspace/Zedboard_GPIO_LED/Zedboard_GPIO_LED.sdk/LED_GPIO/Debug/LED_GPIO.elf
----------------End of Script----------------

15:22:33 INFO  : Memory regions updated for context APU
15:22:34 INFO  : Context for processor 'ps7_cortexa9_0' is selected.
15:22:34 INFO  : 'con' command is executed.
15:22:34 INFO  : ----------------XSDB Script (After Launch)----------------
targets -set -nocase -filter {name =~ "ARM*#0" && jtag_cable_name =~ "Digilent Zed 210248570623"} -index 0
con
----------------End of Script----------------

15:22:34 INFO  : Launch script is exported to file 'C:\Users\kab\Desktop\workspace\Zedboard_GPIO_LED\Zedboard_GPIO_LED.sdk\.sdk\launch_scripts\xilinx_c-c++_application_(system_debugger)\debug_led_gpio.tcl'
15:23:50 INFO  : Disconnected from the channel tcfchan#9.
15:23:53 INFO  : 'targets -set -filter {jtag_cable_name =~ "Digilent Zed 210248570623" && level==0} -index 1' command is executed.
15:23:53 INFO  : 'fpga -state' command is executed.
15:23:53 INFO  : Connected to target on host '127.0.0.1' and port '3121'.
15:23:54 INFO  : Jtag cable 'Digilent Zed 210248570623' is selected.
15:23:54 INFO  : 'jtag frequency' command is executed.
15:23:54 INFO  : Sourcing of 'C:/Users/kab/Desktop/workspace/Zedboard_GPIO_LED/Zedboard_GPIO_LED.sdk/design_gpio_led_wrapper_hw_platform_0/ps7_init.tcl' is done.
15:23:54 INFO  : Context for 'APU' is selected.
15:23:56 INFO  : Hardware design information is loaded from 'C:/Users/kab/Desktop/workspace/Zedboard_GPIO_LED/Zedboard_GPIO_LED.sdk/design_gpio_led_wrapper_hw_platform_0/system.hdf'.
15:23:56 INFO  : Context for 'APU' is selected.
15:23:56 INFO  : 'stop' command is executed.
15:24:01 INFO  : 'ps7_init' command is executed.
15:24:01 INFO  : 'ps7_post_config' command is executed.
15:24:01 INFO  : Context for processor 'ps7_cortexa9_0' is selected.
15:24:02 INFO  : Processor reset is completed for 'ps7_cortexa9_0'.
15:24:03 INFO  : Context for processor 'ps7_cortexa9_0' is selected.
15:24:04 INFO  : The application 'C:/Users/kab/Desktop/workspace/Zedboard_GPIO_LED/Zedboard_GPIO_LED.sdk/LED_GPIO/Debug/LED_GPIO.elf' is downloaded to processor 'ps7_cortexa9_0'.
15:24:04 INFO  : ----------------XSDB Script----------------
connect -url tcp:127.0.0.1:3121
source C:/Users/kab/Desktop/workspace/Zedboard_GPIO_LED/Zedboard_GPIO_LED.sdk/design_gpio_led_wrapper_hw_platform_0/ps7_init.tcl
targets -set -nocase -filter {name =~"APU*" && jtag_cable_name =~ "Digilent Zed 210248570623"} -index 0
loadhw C:/Users/kab/Desktop/workspace/Zedboard_GPIO_LED/Zedboard_GPIO_LED.sdk/design_gpio_led_wrapper_hw_platform_0/system.hdf
targets -set -nocase -filter {name =~"APU*" && jtag_cable_name =~ "Digilent Zed 210248570623"} -index 0
stop
ps7_init
ps7_post_config
targets -set -nocase -filter {name =~ "ARM*#0" && jtag_cable_name =~ "Digilent Zed 210248570623"} -index 0
rst -processor
targets -set -nocase -filter {name =~ "ARM*#0" && jtag_cable_name =~ "Digilent Zed 210248570623"} -index 0
dow C:/Users/kab/Desktop/workspace/Zedboard_GPIO_LED/Zedboard_GPIO_LED.sdk/LED_GPIO/Debug/LED_GPIO.elf
----------------End of Script----------------

15:24:04 INFO  : Memory regions updated for context APU
15:24:05 INFO  : Context for processor 'ps7_cortexa9_0' is selected.
15:24:06 INFO  : 'con' command is executed.
15:24:06 INFO  : ----------------XSDB Script (After Launch)----------------
targets -set -nocase -filter {name =~ "ARM*#0" && jtag_cable_name =~ "Digilent Zed 210248570623"} -index 0
con
----------------End of Script----------------

15:24:06 INFO  : Launch script is exported to file 'C:\Users\kab\Desktop\workspace\Zedboard_GPIO_LED\Zedboard_GPIO_LED.sdk\.sdk\launch_scripts\xilinx_c-c++_application_(system_debugger)\debug_led_gpio.tcl'
15:42:27 INFO  : SDK has detected change in the last modified timestamps for source hardware specification file Source:1507729295417,  Project:1507727167666
15:42:27 INFO  : Project design_gpio_led_wrapper_hw_platform_0's source hardware specification located at C:/Users/kab/Desktop/workspace/Zedboard_GPIO_LED/Zedboard_GPIO_LED.sdk/design_gpio_led_wrapper.hdf is now different from the local copy.
		 The local copy will be replaced with the source specification and your workspace will be updated.
15:42:34 INFO  : Copied contents of C:/Users/kab/Desktop/workspace/Zedboard_GPIO_LED/Zedboard_GPIO_LED.sdk/design_gpio_led_wrapper.hdf into \design_gpio_led_wrapper_hw_platform_0\system.hdf.
15:42:39 INFO  : Synchronizing projects in the workspace with the hardware platform specification changes.
15:42:41 INFO  : 
15:42:42 INFO  : Updating hardware inferred compiler options for LED_GPIO.
15:42:42 INFO  : Clearing existing target manager status.
15:42:42 INFO  : Closing and re-opening the MSS file of ther project LED_GPIO_bsp
15:42:43 INFO  : Closing and re-opening the MSS file of ther project LED_GPIO_bsp
15:42:43 INFO  : Workspace synchronized with the new hardware specification file. Cleaning dependent projects...
15:42:43 WARN  : Linker script will not be updated automatically. Users need to update it manually.
16:51:47 INFO  : Connected to target on host '127.0.0.1' and port '3121'.
16:52:11 INFO  : Connected to target on host '127.0.0.1' and port '3121'.
16:52:16 INFO  : 'targets -set -filter {jtag_cable_name =~ "Digilent Zed 210248570623" && level==0} -index 1' command is executed.
16:52:20 INFO  : FPGA configured successfully with bitstream "C:/Users/kab/Desktop/workspace/Zedboard_GPIO_LED/Zedboard_GPIO_LED.sdk/design_gpio_led_wrapper_hw_platform_0/design_gpio_led_wrapper.bit"
16:52:34 INFO  : Disconnected from the channel tcfchan#10.
16:52:37 INFO  : 'targets -set -filter {jtag_cable_name =~ "Digilent Zed 210248570623" && level==0} -index 1' command is executed.
16:52:37 INFO  : 'fpga -state' command is executed.
16:52:37 INFO  : Connected to target on host '127.0.0.1' and port '3121'.
16:52:37 INFO  : Jtag cable 'Digilent Zed 210248570623' is selected.
16:52:38 INFO  : 'jtag frequency' command is executed.
16:52:38 INFO  : Sourcing of 'C:/Users/kab/Desktop/workspace/Zedboard_GPIO_LED/Zedboard_GPIO_LED.sdk/design_gpio_led_wrapper_hw_platform_0/ps7_init.tcl' is done.
16:52:38 INFO  : Context for 'APU' is selected.
16:52:38 INFO  : Hardware design information is loaded from 'C:/Users/kab/Desktop/workspace/Zedboard_GPIO_LED/Zedboard_GPIO_LED.sdk/design_gpio_led_wrapper_hw_platform_0/system.hdf'.
16:52:38 INFO  : Context for 'APU' is selected.
16:52:38 INFO  : 'stop' command is executed.
16:52:42 INFO  : 'ps7_init' command is executed.
16:52:42 INFO  : 'ps7_post_config' command is executed.
16:52:42 INFO  : Context for processor 'ps7_cortexa9_0' is selected.
16:52:43 INFO  : Processor reset is completed for 'ps7_cortexa9_0'.
16:52:43 INFO  : Context for processor 'ps7_cortexa9_0' is selected.
16:52:44 INFO  : The application 'C:/Users/kab/Desktop/workspace/Zedboard_GPIO_LED/Zedboard_GPIO_LED.sdk/LED_GPIO/Debug/LED_GPIO.elf' is downloaded to processor 'ps7_cortexa9_0'.
16:52:44 INFO  : ----------------XSDB Script----------------
connect -url tcp:127.0.0.1:3121
source C:/Users/kab/Desktop/workspace/Zedboard_GPIO_LED/Zedboard_GPIO_LED.sdk/design_gpio_led_wrapper_hw_platform_0/ps7_init.tcl
targets -set -nocase -filter {name =~"APU*" && jtag_cable_name =~ "Digilent Zed 210248570623"} -index 0
loadhw C:/Users/kab/Desktop/workspace/Zedboard_GPIO_LED/Zedboard_GPIO_LED.sdk/design_gpio_led_wrapper_hw_platform_0/system.hdf
targets -set -nocase -filter {name =~"APU*" && jtag_cable_name =~ "Digilent Zed 210248570623"} -index 0
stop
ps7_init
ps7_post_config
targets -set -nocase -filter {name =~ "ARM*#0" && jtag_cable_name =~ "Digilent Zed 210248570623"} -index 0
rst -processor
targets -set -nocase -filter {name =~ "ARM*#0" && jtag_cable_name =~ "Digilent Zed 210248570623"} -index 0
dow C:/Users/kab/Desktop/workspace/Zedboard_GPIO_LED/Zedboard_GPIO_LED.sdk/LED_GPIO/Debug/LED_GPIO.elf
----------------End of Script----------------

16:52:44 INFO  : Memory regions updated for context APU
16:52:44 INFO  : Context for processor 'ps7_cortexa9_0' is selected.
16:52:44 INFO  : 'con' command is executed.
16:52:44 INFO  : ----------------XSDB Script (After Launch)----------------
targets -set -nocase -filter {name =~ "ARM*#0" && jtag_cable_name =~ "Digilent Zed 210248570623"} -index 0
con
----------------End of Script----------------

16:52:44 INFO  : Launch script is exported to file 'C:\Users\kab\Desktop\workspace\Zedboard_GPIO_LED\Zedboard_GPIO_LED.sdk\.sdk\launch_scripts\xilinx_c-c++_application_(system_debugger)\debug_led_gpio.tcl'
16:56:29 INFO  : Disconnected from the channel tcfchan#11.
16:56:33 INFO  : 'targets -set -filter {jtag_cable_name =~ "Digilent Zed 210248570623" && level==0} -index 1' command is executed.
16:56:33 INFO  : 'fpga -state' command is executed.
16:56:33 INFO  : Connected to target on host '127.0.0.1' and port '3121'.
16:56:33 INFO  : Jtag cable 'Digilent Zed 210248570623' is selected.
16:56:33 INFO  : 'jtag frequency' command is executed.
16:56:33 INFO  : Sourcing of 'C:/Users/kab/Desktop/workspace/Zedboard_GPIO_LED/Zedboard_GPIO_LED.sdk/design_gpio_led_wrapper_hw_platform_0/ps7_init.tcl' is done.
16:56:33 INFO  : Context for 'APU' is selected.
16:56:36 INFO  : Hardware design information is loaded from 'C:/Users/kab/Desktop/workspace/Zedboard_GPIO_LED/Zedboard_GPIO_LED.sdk/design_gpio_led_wrapper_hw_platform_0/system.hdf'.
16:56:36 INFO  : Context for 'APU' is selected.
16:56:36 INFO  : 'stop' command is executed.
16:56:42 INFO  : 'ps7_init' command is executed.
16:56:42 INFO  : 'ps7_post_config' command is executed.
16:56:42 INFO  : Context for processor 'ps7_cortexa9_0' is selected.
16:56:42 INFO  : Processor reset is completed for 'ps7_cortexa9_0'.
16:56:43 INFO  : Context for processor 'ps7_cortexa9_0' is selected.
16:56:44 INFO  : The application 'C:/Users/kab/Desktop/workspace/Zedboard_GPIO_LED/Zedboard_GPIO_LED.sdk/LED_GPIO/Debug/LED_GPIO.elf' is downloaded to processor 'ps7_cortexa9_0'.
16:56:44 INFO  : ----------------XSDB Script----------------
connect -url tcp:127.0.0.1:3121
source C:/Users/kab/Desktop/workspace/Zedboard_GPIO_LED/Zedboard_GPIO_LED.sdk/design_gpio_led_wrapper_hw_platform_0/ps7_init.tcl
targets -set -nocase -filter {name =~"APU*" && jtag_cable_name =~ "Digilent Zed 210248570623"} -index 0
loadhw C:/Users/kab/Desktop/workspace/Zedboard_GPIO_LED/Zedboard_GPIO_LED.sdk/design_gpio_led_wrapper_hw_platform_0/system.hdf
targets -set -nocase -filter {name =~"APU*" && jtag_cable_name =~ "Digilent Zed 210248570623"} -index 0
stop
ps7_init
ps7_post_config
targets -set -nocase -filter {name =~ "ARM*#0" && jtag_cable_name =~ "Digilent Zed 210248570623"} -index 0
rst -processor
targets -set -nocase -filter {name =~ "ARM*#0" && jtag_cable_name =~ "Digilent Zed 210248570623"} -index 0
dow C:/Users/kab/Desktop/workspace/Zedboard_GPIO_LED/Zedboard_GPIO_LED.sdk/LED_GPIO/Debug/LED_GPIO.elf
----------------End of Script----------------

16:56:44 INFO  : Memory regions updated for context APU
16:56:44 INFO  : Context for processor 'ps7_cortexa9_0' is selected.
16:56:45 INFO  : 'con' command is executed.
16:56:45 INFO  : ----------------XSDB Script (After Launch)----------------
targets -set -nocase -filter {name =~ "ARM*#0" && jtag_cable_name =~ "Digilent Zed 210248570623"} -index 0
con
----------------End of Script----------------

16:56:45 INFO  : Launch script is exported to file 'C:\Users\kab\Desktop\workspace\Zedboard_GPIO_LED\Zedboard_GPIO_LED.sdk\.sdk\launch_scripts\xilinx_c-c++_application_(system_debugger)\debug_led_gpio.tcl'
16:58:40 INFO  : Disconnected from the channel tcfchan#12.
16:58:42 INFO  : 'targets -set -filter {jtag_cable_name =~ "Digilent Zed 210248570623" && level==0} -index 1' command is executed.
16:58:43 INFO  : 'fpga -state' command is executed.
16:58:43 INFO  : Connected to target on host '127.0.0.1' and port '3121'.
16:58:43 INFO  : Jtag cable 'Digilent Zed 210248570623' is selected.
16:58:44 INFO  : 'jtag frequency' command is executed.
16:58:44 INFO  : Sourcing of 'C:/Users/kab/Desktop/workspace/Zedboard_GPIO_LED/Zedboard_GPIO_LED.sdk/design_gpio_led_wrapper_hw_platform_0/ps7_init.tcl' is done.
16:58:44 INFO  : Context for 'APU' is selected.
16:58:44 INFO  : Hardware design information is loaded from 'C:/Users/kab/Desktop/workspace/Zedboard_GPIO_LED/Zedboard_GPIO_LED.sdk/design_gpio_led_wrapper_hw_platform_0/system.hdf'.
16:58:44 INFO  : Context for 'APU' is selected.
16:58:45 INFO  : 'stop' command is executed.
16:58:49 INFO  : 'ps7_init' command is executed.
16:58:49 INFO  : 'ps7_post_config' command is executed.
16:58:49 INFO  : Context for processor 'ps7_cortexa9_0' is selected.
16:58:50 INFO  : Processor reset is completed for 'ps7_cortexa9_0'.
16:58:50 INFO  : Context for processor 'ps7_cortexa9_0' is selected.
16:58:50 INFO  : The application 'C:/Users/kab/Desktop/workspace/Zedboard_GPIO_LED/Zedboard_GPIO_LED.sdk/LED_GPIO/Debug/LED_GPIO.elf' is downloaded to processor 'ps7_cortexa9_0'.
16:58:50 INFO  : ----------------XSDB Script----------------
connect -url tcp:127.0.0.1:3121
source C:/Users/kab/Desktop/workspace/Zedboard_GPIO_LED/Zedboard_GPIO_LED.sdk/design_gpio_led_wrapper_hw_platform_0/ps7_init.tcl
targets -set -nocase -filter {name =~"APU*" && jtag_cable_name =~ "Digilent Zed 210248570623"} -index 0
loadhw C:/Users/kab/Desktop/workspace/Zedboard_GPIO_LED/Zedboard_GPIO_LED.sdk/design_gpio_led_wrapper_hw_platform_0/system.hdf
targets -set -nocase -filter {name =~"APU*" && jtag_cable_name =~ "Digilent Zed 210248570623"} -index 0
stop
ps7_init
ps7_post_config
targets -set -nocase -filter {name =~ "ARM*#0" && jtag_cable_name =~ "Digilent Zed 210248570623"} -index 0
rst -processor
targets -set -nocase -filter {name =~ "ARM*#0" && jtag_cable_name =~ "Digilent Zed 210248570623"} -index 0
dow C:/Users/kab/Desktop/workspace/Zedboard_GPIO_LED/Zedboard_GPIO_LED.sdk/LED_GPIO/Debug/LED_GPIO.elf
----------------End of Script----------------

16:58:51 INFO  : Memory regions updated for context APU
16:58:51 INFO  : Context for processor 'ps7_cortexa9_0' is selected.
16:58:52 INFO  : 'con' command is executed.
16:58:52 INFO  : ----------------XSDB Script (After Launch)----------------
targets -set -nocase -filter {name =~ "ARM*#0" && jtag_cable_name =~ "Digilent Zed 210248570623"} -index 0
con
----------------End of Script----------------

16:58:52 INFO  : Launch script is exported to file 'C:\Users\kab\Desktop\workspace\Zedboard_GPIO_LED\Zedboard_GPIO_LED.sdk\.sdk\launch_scripts\xilinx_c-c++_application_(system_debugger)\debug_led_gpio.tcl'
16:59:38 INFO  : Connected to target on host '127.0.0.1' and port '3121'.
16:59:39 INFO  : 'targets -set -filter {jtag_cable_name =~ "Digilent Zed 210248570623" && level==0} -index 1' command is executed.
16:59:42 INFO  : FPGA configured successfully with bitstream "C:/Users/kab/Desktop/workspace/Zedboard_GPIO_LED/Zedboard_GPIO_LED.sdk/design_gpio_led_wrapper_hw_platform_0/design_gpio_led_wrapper.bit"
16:59:46 INFO  : Disconnected from the channel tcfchan#13.
16:59:48 INFO  : 'targets -set -filter {jtag_cable_name =~ "Digilent Zed 210248570623" && level==0} -index 1' command is executed.
16:59:49 INFO  : 'fpga -state' command is executed.
16:59:49 INFO  : Connected to target on host '127.0.0.1' and port '3121'.
16:59:49 INFO  : Jtag cable 'Digilent Zed 210248570623' is selected.
16:59:49 INFO  : 'jtag frequency' command is executed.
16:59:49 INFO  : Sourcing of 'C:/Users/kab/Desktop/workspace/Zedboard_GPIO_LED/Zedboard_GPIO_LED.sdk/design_gpio_led_wrapper_hw_platform_0/ps7_init.tcl' is done.
16:59:49 INFO  : Context for 'APU' is selected.
16:59:49 INFO  : Hardware design information is loaded from 'C:/Users/kab/Desktop/workspace/Zedboard_GPIO_LED/Zedboard_GPIO_LED.sdk/design_gpio_led_wrapper_hw_platform_0/system.hdf'.
16:59:49 INFO  : Context for 'APU' is selected.
16:59:49 INFO  : 'stop' command is executed.
16:59:59 INFO  : 'ps7_init' command is executed.
17:00:00 INFO  : 'ps7_post_config' command is executed.
17:00:00 INFO  : Context for processor 'ps7_cortexa9_0' is selected.
17:00:02 INFO  : Processor reset is completed for 'ps7_cortexa9_0'.
17:00:02 INFO  : Context for processor 'ps7_cortexa9_0' is selected.
17:00:04 INFO  : The application 'C:/Users/kab/Desktop/workspace/Zedboard_GPIO_LED/Zedboard_GPIO_LED.sdk/LED_GPIO/Debug/LED_GPIO.elf' is downloaded to processor 'ps7_cortexa9_0'.
17:00:04 INFO  : ----------------XSDB Script----------------
connect -url tcp:127.0.0.1:3121
source C:/Users/kab/Desktop/workspace/Zedboard_GPIO_LED/Zedboard_GPIO_LED.sdk/design_gpio_led_wrapper_hw_platform_0/ps7_init.tcl
targets -set -nocase -filter {name =~"APU*" && jtag_cable_name =~ "Digilent Zed 210248570623"} -index 0
loadhw C:/Users/kab/Desktop/workspace/Zedboard_GPIO_LED/Zedboard_GPIO_LED.sdk/design_gpio_led_wrapper_hw_platform_0/system.hdf
targets -set -nocase -filter {name =~"APU*" && jtag_cable_name =~ "Digilent Zed 210248570623"} -index 0
stop
ps7_init
ps7_post_config
targets -set -nocase -filter {name =~ "ARM*#0" && jtag_cable_name =~ "Digilent Zed 210248570623"} -index 0
rst -processor
targets -set -nocase -filter {name =~ "ARM*#0" && jtag_cable_name =~ "Digilent Zed 210248570623"} -index 0
dow C:/Users/kab/Desktop/workspace/Zedboard_GPIO_LED/Zedboard_GPIO_LED.sdk/LED_GPIO/Debug/LED_GPIO.elf
----------------End of Script----------------

17:00:05 INFO  : Memory regions updated for context APU
17:00:05 INFO  : Context for processor 'ps7_cortexa9_0' is selected.
17:00:05 INFO  : 'con' command is executed.
17:00:05 INFO  : ----------------XSDB Script (After Launch)----------------
targets -set -nocase -filter {name =~ "ARM*#0" && jtag_cable_name =~ "Digilent Zed 210248570623"} -index 0
con
----------------End of Script----------------

17:00:05 INFO  : Launch script is exported to file 'C:\Users\kab\Desktop\workspace\Zedboard_GPIO_LED\Zedboard_GPIO_LED.sdk\.sdk\launch_scripts\xilinx_c-c++_application_(system_debugger)\debug_led_gpio.tcl'
17:00:36 INFO  : Disconnected from the channel tcfchan#14.
17:00:38 INFO  : 'targets -set -filter {jtag_cable_name =~ "Digilent Zed 210248570623" && level==0} -index 1' command is executed.
17:00:38 INFO  : 'fpga -state' command is executed.
17:00:38 INFO  : Connected to target on host '127.0.0.1' and port '3121'.
17:00:39 INFO  : Jtag cable 'Digilent Zed 210248570623' is selected.
17:00:40 INFO  : 'jtag frequency' command is executed.
17:00:40 INFO  : Sourcing of 'C:/Users/kab/Desktop/workspace/Zedboard_GPIO_LED/Zedboard_GPIO_LED.sdk/design_gpio_led_wrapper_hw_platform_0/ps7_init.tcl' is done.
17:00:40 INFO  : Context for 'APU' is selected.
17:00:40 INFO  : Hardware design information is loaded from 'C:/Users/kab/Desktop/workspace/Zedboard_GPIO_LED/Zedboard_GPIO_LED.sdk/design_gpio_led_wrapper_hw_platform_0/system.hdf'.
17:00:40 INFO  : Context for 'APU' is selected.
17:00:40 INFO  : 'stop' command is executed.
17:00:49 INFO  : 'ps7_init' command is executed.
17:00:50 INFO  : 'ps7_post_config' command is executed.
17:00:50 INFO  : Context for processor 'ps7_cortexa9_0' is selected.
17:00:52 INFO  : Processor reset is completed for 'ps7_cortexa9_0'.
17:00:52 INFO  : Context for processor 'ps7_cortexa9_0' is selected.
17:00:54 INFO  : The application 'C:/Users/kab/Desktop/workspace/Zedboard_GPIO_LED/Zedboard_GPIO_LED.sdk/LED_GPIO/Debug/LED_GPIO.elf' is downloaded to processor 'ps7_cortexa9_0'.
17:00:54 INFO  : ----------------XSDB Script----------------
connect -url tcp:127.0.0.1:3121
source C:/Users/kab/Desktop/workspace/Zedboard_GPIO_LED/Zedboard_GPIO_LED.sdk/design_gpio_led_wrapper_hw_platform_0/ps7_init.tcl
targets -set -nocase -filter {name =~"APU*" && jtag_cable_name =~ "Digilent Zed 210248570623"} -index 0
loadhw C:/Users/kab/Desktop/workspace/Zedboard_GPIO_LED/Zedboard_GPIO_LED.sdk/design_gpio_led_wrapper_hw_platform_0/system.hdf
targets -set -nocase -filter {name =~"APU*" && jtag_cable_name =~ "Digilent Zed 210248570623"} -index 0
stop
ps7_init
ps7_post_config
targets -set -nocase -filter {name =~ "ARM*#0" && jtag_cable_name =~ "Digilent Zed 210248570623"} -index 0
rst -processor
targets -set -nocase -filter {name =~ "ARM*#0" && jtag_cable_name =~ "Digilent Zed 210248570623"} -index 0
dow C:/Users/kab/Desktop/workspace/Zedboard_GPIO_LED/Zedboard_GPIO_LED.sdk/LED_GPIO/Debug/LED_GPIO.elf
----------------End of Script----------------

17:00:54 INFO  : Memory regions updated for context APU
17:00:54 INFO  : Context for processor 'ps7_cortexa9_0' is selected.
17:00:55 INFO  : 'con' command is executed.
17:00:55 INFO  : ----------------XSDB Script (After Launch)----------------
targets -set -nocase -filter {name =~ "ARM*#0" && jtag_cable_name =~ "Digilent Zed 210248570623"} -index 0
con
----------------End of Script----------------

17:00:55 INFO  : Launch script is exported to file 'C:\Users\kab\Desktop\workspace\Zedboard_GPIO_LED\Zedboard_GPIO_LED.sdk\.sdk\launch_scripts\xilinx_c-c++_application_(system_debugger)\debug_led_gpio.tcl'
17:01:13 INFO  : Disconnected from the channel tcfchan#15.
17:01:15 INFO  : 'targets -set -filter {jtag_cable_name =~ "Digilent Zed 210248570623" && level==0} -index 1' command is executed.
17:01:15 INFO  : 'fpga -state' command is executed.
17:01:15 INFO  : Connected to target on host '127.0.0.1' and port '3121'.
17:01:16 INFO  : Jtag cable 'Digilent Zed 210248570623' is selected.
17:01:16 INFO  : 'jtag frequency' command is executed.
17:01:16 INFO  : Sourcing of 'C:/Users/kab/Desktop/workspace/Zedboard_GPIO_LED/Zedboard_GPIO_LED.sdk/design_gpio_led_wrapper_hw_platform_0/ps7_init.tcl' is done.
17:01:16 INFO  : Context for 'APU' is selected.
17:01:16 INFO  : Hardware design information is loaded from 'C:/Users/kab/Desktop/workspace/Zedboard_GPIO_LED/Zedboard_GPIO_LED.sdk/design_gpio_led_wrapper_hw_platform_0/system.hdf'.
17:01:16 INFO  : Context for 'APU' is selected.
17:01:16 INFO  : 'stop' command is executed.
17:01:23 INFO  : 'ps7_init' command is executed.
17:01:23 INFO  : 'ps7_post_config' command is executed.
17:01:23 INFO  : Context for processor 'ps7_cortexa9_0' is selected.
17:01:23 INFO  : Processor reset is completed for 'ps7_cortexa9_0'.
17:01:24 INFO  : Context for processor 'ps7_cortexa9_0' is selected.
17:01:24 INFO  : The application 'C:/Users/kab/Desktop/workspace/Zedboard_GPIO_LED/Zedboard_GPIO_LED.sdk/LED_GPIO/Debug/LED_GPIO.elf' is downloaded to processor 'ps7_cortexa9_0'.
17:01:24 INFO  : ----------------XSDB Script----------------
connect -url tcp:127.0.0.1:3121
source C:/Users/kab/Desktop/workspace/Zedboard_GPIO_LED/Zedboard_GPIO_LED.sdk/design_gpio_led_wrapper_hw_platform_0/ps7_init.tcl
targets -set -nocase -filter {name =~"APU*" && jtag_cable_name =~ "Digilent Zed 210248570623"} -index 0
loadhw C:/Users/kab/Desktop/workspace/Zedboard_GPIO_LED/Zedboard_GPIO_LED.sdk/design_gpio_led_wrapper_hw_platform_0/system.hdf
targets -set -nocase -filter {name =~"APU*" && jtag_cable_name =~ "Digilent Zed 210248570623"} -index 0
stop
ps7_init
ps7_post_config
targets -set -nocase -filter {name =~ "ARM*#0" && jtag_cable_name =~ "Digilent Zed 210248570623"} -index 0
rst -processor
targets -set -nocase -filter {name =~ "ARM*#0" && jtag_cable_name =~ "Digilent Zed 210248570623"} -index 0
dow C:/Users/kab/Desktop/workspace/Zedboard_GPIO_LED/Zedboard_GPIO_LED.sdk/LED_GPIO/Debug/LED_GPIO.elf
----------------End of Script----------------

17:01:25 INFO  : Memory regions updated for context APU
17:01:25 INFO  : Context for processor 'ps7_cortexa9_0' is selected.
17:01:25 INFO  : 'con' command is executed.
17:01:25 INFO  : ----------------XSDB Script (After Launch)----------------
targets -set -nocase -filter {name =~ "ARM*#0" && jtag_cable_name =~ "Digilent Zed 210248570623"} -index 0
con
----------------End of Script----------------

17:01:25 INFO  : Launch script is exported to file 'C:\Users\kab\Desktop\workspace\Zedboard_GPIO_LED\Zedboard_GPIO_LED.sdk\.sdk\launch_scripts\xilinx_c-c++_application_(system_debugger)\debug_led_gpio.tcl'
17:01:43 INFO  : Disconnected from the channel tcfchan#16.
17:01:44 INFO  : 'targets -set -filter {jtag_cable_name =~ "Digilent Zed 210248570623" && level==0} -index 1' command is executed.
17:01:45 INFO  : 'fpga -state' command is executed.
17:01:45 INFO  : Connected to target on host '127.0.0.1' and port '3121'.
17:01:45 INFO  : Jtag cable 'Digilent Zed 210248570623' is selected.
17:01:45 INFO  : 'jtag frequency' command is executed.
17:01:45 INFO  : Sourcing of 'C:/Users/kab/Desktop/workspace/Zedboard_GPIO_LED/Zedboard_GPIO_LED.sdk/design_gpio_led_wrapper_hw_platform_0/ps7_init.tcl' is done.
17:01:46 INFO  : Context for 'APU' is selected.
17:01:46 INFO  : Hardware design information is loaded from 'C:/Users/kab/Desktop/workspace/Zedboard_GPIO_LED/Zedboard_GPIO_LED.sdk/design_gpio_led_wrapper_hw_platform_0/system.hdf'.
17:01:46 INFO  : Context for 'APU' is selected.
17:01:46 INFO  : 'stop' command is executed.
17:01:54 INFO  : 'ps7_init' command is executed.
17:01:55 INFO  : 'ps7_post_config' command is executed.
17:01:55 INFO  : Context for processor 'ps7_cortexa9_0' is selected.
17:01:55 INFO  : Processor reset is completed for 'ps7_cortexa9_0'.
17:01:56 INFO  : Context for processor 'ps7_cortexa9_0' is selected.
17:01:57 INFO  : The application 'C:/Users/kab/Desktop/workspace/Zedboard_GPIO_LED/Zedboard_GPIO_LED.sdk/LED_GPIO/Debug/LED_GPIO.elf' is downloaded to processor 'ps7_cortexa9_0'.
17:01:57 INFO  : ----------------XSDB Script----------------
connect -url tcp:127.0.0.1:3121
source C:/Users/kab/Desktop/workspace/Zedboard_GPIO_LED/Zedboard_GPIO_LED.sdk/design_gpio_led_wrapper_hw_platform_0/ps7_init.tcl
targets -set -nocase -filter {name =~"APU*" && jtag_cable_name =~ "Digilent Zed 210248570623"} -index 0
loadhw C:/Users/kab/Desktop/workspace/Zedboard_GPIO_LED/Zedboard_GPIO_LED.sdk/design_gpio_led_wrapper_hw_platform_0/system.hdf
targets -set -nocase -filter {name =~"APU*" && jtag_cable_name =~ "Digilent Zed 210248570623"} -index 0
stop
ps7_init
ps7_post_config
targets -set -nocase -filter {name =~ "ARM*#0" && jtag_cable_name =~ "Digilent Zed 210248570623"} -index 0
rst -processor
targets -set -nocase -filter {name =~ "ARM*#0" && jtag_cable_name =~ "Digilent Zed 210248570623"} -index 0
dow C:/Users/kab/Desktop/workspace/Zedboard_GPIO_LED/Zedboard_GPIO_LED.sdk/LED_GPIO/Debug/LED_GPIO.elf
----------------End of Script----------------

17:01:57 INFO  : Memory regions updated for context APU
17:01:58 INFO  : Context for processor 'ps7_cortexa9_0' is selected.
17:01:58 INFO  : 'con' command is executed.
17:01:58 INFO  : ----------------XSDB Script (After Launch)----------------
targets -set -nocase -filter {name =~ "ARM*#0" && jtag_cable_name =~ "Digilent Zed 210248570623"} -index 0
con
----------------End of Script----------------

17:01:58 INFO  : Launch script is exported to file 'C:\Users\kab\Desktop\workspace\Zedboard_GPIO_LED\Zedboard_GPIO_LED.sdk\.sdk\launch_scripts\xilinx_c-c++_application_(system_debugger)\debug_led_gpio.tcl'
17:04:31 INFO  : Disconnected from the channel tcfchan#17.
17:04:33 INFO  : 'targets -set -filter {jtag_cable_name =~ "Digilent Zed 210248570623" && level==0} -index 1' command is executed.
17:04:33 INFO  : 'fpga -state' command is executed.
17:04:33 INFO  : Connected to target on host '127.0.0.1' and port '3121'.
17:04:33 INFO  : Jtag cable 'Digilent Zed 210248570623' is selected.
17:04:34 INFO  : 'jtag frequency' command is executed.
17:04:34 INFO  : Sourcing of 'C:/Users/kab/Desktop/workspace/Zedboard_GPIO_LED/Zedboard_GPIO_LED.sdk/design_gpio_led_wrapper_hw_platform_0/ps7_init.tcl' is done.
17:04:34 INFO  : Context for 'APU' is selected.
17:04:34 INFO  : Hardware design information is loaded from 'C:/Users/kab/Desktop/workspace/Zedboard_GPIO_LED/Zedboard_GPIO_LED.sdk/design_gpio_led_wrapper_hw_platform_0/system.hdf'.
17:04:34 INFO  : Context for 'APU' is selected.
17:04:34 INFO  : 'stop' command is executed.
17:04:41 INFO  : 'ps7_init' command is executed.
17:04:41 INFO  : 'ps7_post_config' command is executed.
17:04:41 INFO  : Context for processor 'ps7_cortexa9_0' is selected.
17:04:42 INFO  : Processor reset is completed for 'ps7_cortexa9_0'.
17:04:43 INFO  : Context for processor 'ps7_cortexa9_0' is selected.
17:04:43 INFO  : The application 'C:/Users/kab/Desktop/workspace/Zedboard_GPIO_LED/Zedboard_GPIO_LED.sdk/LED_GPIO/Debug/LED_GPIO.elf' is downloaded to processor 'ps7_cortexa9_0'.
17:04:43 INFO  : ----------------XSDB Script----------------
connect -url tcp:127.0.0.1:3121
source C:/Users/kab/Desktop/workspace/Zedboard_GPIO_LED/Zedboard_GPIO_LED.sdk/design_gpio_led_wrapper_hw_platform_0/ps7_init.tcl
targets -set -nocase -filter {name =~"APU*" && jtag_cable_name =~ "Digilent Zed 210248570623"} -index 0
loadhw C:/Users/kab/Desktop/workspace/Zedboard_GPIO_LED/Zedboard_GPIO_LED.sdk/design_gpio_led_wrapper_hw_platform_0/system.hdf
targets -set -nocase -filter {name =~"APU*" && jtag_cable_name =~ "Digilent Zed 210248570623"} -index 0
stop
ps7_init
ps7_post_config
targets -set -nocase -filter {name =~ "ARM*#0" && jtag_cable_name =~ "Digilent Zed 210248570623"} -index 0
rst -processor
targets -set -nocase -filter {name =~ "ARM*#0" && jtag_cable_name =~ "Digilent Zed 210248570623"} -index 0
dow C:/Users/kab/Desktop/workspace/Zedboard_GPIO_LED/Zedboard_GPIO_LED.sdk/LED_GPIO/Debug/LED_GPIO.elf
----------------End of Script----------------

17:04:44 INFO  : Memory regions updated for context APU
17:04:44 INFO  : Context for processor 'ps7_cortexa9_0' is selected.
17:04:44 INFO  : 'con' command is executed.
17:04:44 INFO  : ----------------XSDB Script (After Launch)----------------
targets -set -nocase -filter {name =~ "ARM*#0" && jtag_cable_name =~ "Digilent Zed 210248570623"} -index 0
con
----------------End of Script----------------

17:04:44 INFO  : Launch script is exported to file 'C:\Users\kab\Desktop\workspace\Zedboard_GPIO_LED\Zedboard_GPIO_LED.sdk\.sdk\launch_scripts\xilinx_c-c++_application_(system_debugger)\debug_led_gpio.tcl'
17:07:08 INFO  : Connected to target on host '127.0.0.1' and port '3121'.
17:07:09 INFO  : 'targets -set -filter {jtag_cable_name =~ "Digilent Zed 210248570623" && level==0} -index 1' command is executed.
17:07:11 INFO  : FPGA configured successfully with bitstream "C:/Users/kab/Desktop/workspace/Zedboard_GPIO_LED/Zedboard_GPIO_LED.sdk/design_gpio_led_wrapper_hw_platform_0/design_gpio_led_wrapper.bit"
17:07:15 INFO  : Disconnected from the channel tcfchan#18.
17:07:18 INFO  : 'targets -set -filter {jtag_cable_name =~ "Digilent Zed 210248570623" && level==0} -index 1' command is executed.
17:07:18 INFO  : 'fpga -state' command is executed.
17:07:18 INFO  : Connected to target on host '127.0.0.1' and port '3121'.
17:07:18 INFO  : Jtag cable 'Digilent Zed 210248570623' is selected.
17:07:18 INFO  : 'jtag frequency' command is executed.
17:07:18 INFO  : Sourcing of 'C:/Users/kab/Desktop/workspace/Zedboard_GPIO_LED/Zedboard_GPIO_LED.sdk/design_gpio_led_wrapper_hw_platform_0/ps7_init.tcl' is done.
17:07:18 INFO  : Context for 'APU' is selected.
17:07:18 INFO  : Hardware design information is loaded from 'C:/Users/kab/Desktop/workspace/Zedboard_GPIO_LED/Zedboard_GPIO_LED.sdk/design_gpio_led_wrapper_hw_platform_0/system.hdf'.
17:07:19 INFO  : Context for 'APU' is selected.
17:07:19 INFO  : 'stop' command is executed.
17:07:24 INFO  : 'ps7_init' command is executed.
17:07:24 INFO  : 'ps7_post_config' command is executed.
17:07:24 INFO  : Context for processor 'ps7_cortexa9_0' is selected.
17:07:24 INFO  : Processor reset is completed for 'ps7_cortexa9_0'.
17:07:25 INFO  : Context for processor 'ps7_cortexa9_0' is selected.
17:07:27 INFO  : The application 'C:/Users/kab/Desktop/workspace/Zedboard_GPIO_LED/Zedboard_GPIO_LED.sdk/LED_GPIO/Debug/LED_GPIO.elf' is downloaded to processor 'ps7_cortexa9_0'.
17:07:27 INFO  : ----------------XSDB Script----------------
connect -url tcp:127.0.0.1:3121
source C:/Users/kab/Desktop/workspace/Zedboard_GPIO_LED/Zedboard_GPIO_LED.sdk/design_gpio_led_wrapper_hw_platform_0/ps7_init.tcl
targets -set -nocase -filter {name =~"APU*" && jtag_cable_name =~ "Digilent Zed 210248570623"} -index 0
loadhw C:/Users/kab/Desktop/workspace/Zedboard_GPIO_LED/Zedboard_GPIO_LED.sdk/design_gpio_led_wrapper_hw_platform_0/system.hdf
targets -set -nocase -filter {name =~"APU*" && jtag_cable_name =~ "Digilent Zed 210248570623"} -index 0
stop
ps7_init
ps7_post_config
targets -set -nocase -filter {name =~ "ARM*#0" && jtag_cable_name =~ "Digilent Zed 210248570623"} -index 0
rst -processor
targets -set -nocase -filter {name =~ "ARM*#0" && jtag_cable_name =~ "Digilent Zed 210248570623"} -index 0
dow C:/Users/kab/Desktop/workspace/Zedboard_GPIO_LED/Zedboard_GPIO_LED.sdk/LED_GPIO/Debug/LED_GPIO.elf
----------------End of Script----------------

17:07:27 INFO  : Memory regions updated for context APU
17:07:27 INFO  : Context for processor 'ps7_cortexa9_0' is selected.
17:07:28 INFO  : 'con' command is executed.
17:07:28 INFO  : ----------------XSDB Script (After Launch)----------------
targets -set -nocase -filter {name =~ "ARM*#0" && jtag_cable_name =~ "Digilent Zed 210248570623"} -index 0
con
----------------End of Script----------------

17:07:28 INFO  : Launch script is exported to file 'C:\Users\kab\Desktop\workspace\Zedboard_GPIO_LED\Zedboard_GPIO_LED.sdk\.sdk\launch_scripts\xilinx_c-c++_application_(system_debugger)\debug_led_gpio.tcl'
17:08:14 INFO  : Disconnected from the channel tcfchan#19.
17:08:18 INFO  : 'targets -set -filter {jtag_cable_name =~ "Digilent Zed 210248570623" && level==0} -index 1' command is executed.
17:08:18 INFO  : 'fpga -state' command is executed.
17:08:18 INFO  : Connected to target on host '127.0.0.1' and port '3121'.
17:08:19 INFO  : Jtag cable 'Digilent Zed 210248570623' is selected.
17:08:20 INFO  : 'jtag frequency' command is executed.
17:08:20 INFO  : Sourcing of 'C:/Users/kab/Desktop/workspace/Zedboard_GPIO_LED/Zedboard_GPIO_LED.sdk/design_gpio_led_wrapper_hw_platform_0/ps7_init.tcl' is done.
17:08:20 INFO  : Context for 'APU' is selected.
17:08:20 INFO  : Hardware design information is loaded from 'C:/Users/kab/Desktop/workspace/Zedboard_GPIO_LED/Zedboard_GPIO_LED.sdk/design_gpio_led_wrapper_hw_platform_0/system.hdf'.
17:08:20 INFO  : Context for 'APU' is selected.
17:08:20 INFO  : 'stop' command is executed.
17:08:29 INFO  : 'ps7_init' command is executed.
17:08:30 INFO  : 'ps7_post_config' command is executed.
17:08:30 INFO  : Context for processor 'ps7_cortexa9_0' is selected.
17:08:32 INFO  : Processor reset is completed for 'ps7_cortexa9_0'.
17:08:32 INFO  : Context for processor 'ps7_cortexa9_0' is selected.
17:08:32 INFO  : The application 'C:/Users/kab/Desktop/workspace/Zedboard_GPIO_LED/Zedboard_GPIO_LED.sdk/LED_GPIO/Debug/LED_GPIO.elf' is downloaded to processor 'ps7_cortexa9_0'.
17:08:32 INFO  : ----------------XSDB Script----------------
connect -url tcp:127.0.0.1:3121
source C:/Users/kab/Desktop/workspace/Zedboard_GPIO_LED/Zedboard_GPIO_LED.sdk/design_gpio_led_wrapper_hw_platform_0/ps7_init.tcl
targets -set -nocase -filter {name =~"APU*" && jtag_cable_name =~ "Digilent Zed 210248570623"} -index 0
loadhw C:/Users/kab/Desktop/workspace/Zedboard_GPIO_LED/Zedboard_GPIO_LED.sdk/design_gpio_led_wrapper_hw_platform_0/system.hdf
targets -set -nocase -filter {name =~"APU*" && jtag_cable_name =~ "Digilent Zed 210248570623"} -index 0
stop
ps7_init
ps7_post_config
targets -set -nocase -filter {name =~ "ARM*#0" && jtag_cable_name =~ "Digilent Zed 210248570623"} -index 0
rst -processor
targets -set -nocase -filter {name =~ "ARM*#0" && jtag_cable_name =~ "Digilent Zed 210248570623"} -index 0
dow C:/Users/kab/Desktop/workspace/Zedboard_GPIO_LED/Zedboard_GPIO_LED.sdk/LED_GPIO/Debug/LED_GPIO.elf
----------------End of Script----------------

17:08:33 INFO  : Memory regions updated for context APU
17:08:34 INFO  : Context for processor 'ps7_cortexa9_0' is selected.
17:08:34 INFO  : 'con' command is executed.
17:08:34 INFO  : ----------------XSDB Script (After Launch)----------------
targets -set -nocase -filter {name =~ "ARM*#0" && jtag_cable_name =~ "Digilent Zed 210248570623"} -index 0
con
----------------End of Script----------------

17:08:34 INFO  : Launch script is exported to file 'C:\Users\kab\Desktop\workspace\Zedboard_GPIO_LED\Zedboard_GPIO_LED.sdk\.sdk\launch_scripts\xilinx_c-c++_application_(system_debugger)\debug_led_gpio.tcl'
17:10:34 INFO  : Disconnected from the channel tcfchan#20.
17:10:37 INFO  : 'targets -set -filter {jtag_cable_name =~ "Digilent Zed 210248570623" && level==0} -index 1' command is executed.
17:10:37 INFO  : 'fpga -state' command is executed.
17:10:37 INFO  : Connected to target on host '127.0.0.1' and port '3121'.
17:10:37 INFO  : Jtag cable 'Digilent Zed 210248570623' is selected.
17:10:37 INFO  : 'jtag frequency' command is executed.
17:10:37 INFO  : Sourcing of 'C:/Users/kab/Desktop/workspace/Zedboard_GPIO_LED/Zedboard_GPIO_LED.sdk/design_gpio_led_wrapper_hw_platform_0/ps7_init.tcl' is done.
17:10:37 INFO  : Context for 'APU' is selected.
17:10:38 INFO  : Hardware design information is loaded from 'C:/Users/kab/Desktop/workspace/Zedboard_GPIO_LED/Zedboard_GPIO_LED.sdk/design_gpio_led_wrapper_hw_platform_0/system.hdf'.
17:10:38 INFO  : Context for 'APU' is selected.
17:10:38 INFO  : 'stop' command is executed.
17:10:48 INFO  : 'ps7_init' command is executed.
17:10:48 INFO  : 'ps7_post_config' command is executed.
17:10:48 INFO  : Context for processor 'ps7_cortexa9_0' is selected.
17:10:49 INFO  : Processor reset is completed for 'ps7_cortexa9_0'.
17:10:49 INFO  : Context for processor 'ps7_cortexa9_0' is selected.
17:10:49 INFO  : The application 'C:/Users/kab/Desktop/workspace/Zedboard_GPIO_LED/Zedboard_GPIO_LED.sdk/LED_GPIO/Debug/LED_GPIO.elf' is downloaded to processor 'ps7_cortexa9_0'.
17:10:49 INFO  : ----------------XSDB Script----------------
connect -url tcp:127.0.0.1:3121
source C:/Users/kab/Desktop/workspace/Zedboard_GPIO_LED/Zedboard_GPIO_LED.sdk/design_gpio_led_wrapper_hw_platform_0/ps7_init.tcl
targets -set -nocase -filter {name =~"APU*" && jtag_cable_name =~ "Digilent Zed 210248570623"} -index 0
loadhw C:/Users/kab/Desktop/workspace/Zedboard_GPIO_LED/Zedboard_GPIO_LED.sdk/design_gpio_led_wrapper_hw_platform_0/system.hdf
targets -set -nocase -filter {name =~"APU*" && jtag_cable_name =~ "Digilent Zed 210248570623"} -index 0
stop
ps7_init
ps7_post_config
targets -set -nocase -filter {name =~ "ARM*#0" && jtag_cable_name =~ "Digilent Zed 210248570623"} -index 0
rst -processor
targets -set -nocase -filter {name =~ "ARM*#0" && jtag_cable_name =~ "Digilent Zed 210248570623"} -index 0
dow C:/Users/kab/Desktop/workspace/Zedboard_GPIO_LED/Zedboard_GPIO_LED.sdk/LED_GPIO/Debug/LED_GPIO.elf
----------------End of Script----------------

17:10:49 INFO  : Memory regions updated for context APU
17:10:49 INFO  : Context for processor 'ps7_cortexa9_0' is selected.
17:10:49 INFO  : 'con' command is executed.
17:10:49 INFO  : ----------------XSDB Script (After Launch)----------------
targets -set -nocase -filter {name =~ "ARM*#0" && jtag_cable_name =~ "Digilent Zed 210248570623"} -index 0
con
----------------End of Script----------------

17:10:49 INFO  : Launch script is exported to file 'C:\Users\kab\Desktop\workspace\Zedboard_GPIO_LED\Zedboard_GPIO_LED.sdk\.sdk\launch_scripts\xilinx_c-c++_application_(system_debugger)\debug_led_gpio.tcl'
17:23:15 INFO  : Disconnected from the channel tcfchan#21.
17:23:18 INFO  : 'targets -set -filter {jtag_cable_name =~ "Digilent Zed 210248570623" && level==0} -index 1' command is executed.
17:23:18 INFO  : 'fpga -state' command is executed.
17:23:18 INFO  : Connected to target on host '127.0.0.1' and port '3121'.
17:23:19 INFO  : Jtag cable 'Digilent Zed 210248570623' is selected.
17:23:19 INFO  : 'jtag frequency' command is executed.
17:23:19 INFO  : Sourcing of 'C:/Users/kab/Desktop/workspace/Zedboard_GPIO_LED/Zedboard_GPIO_LED.sdk/design_gpio_led_wrapper_hw_platform_0/ps7_init.tcl' is done.
17:23:19 INFO  : Context for 'APU' is selected.
17:23:19 INFO  : Hardware design information is loaded from 'C:/Users/kab/Desktop/workspace/Zedboard_GPIO_LED/Zedboard_GPIO_LED.sdk/design_gpio_led_wrapper_hw_platform_0/system.hdf'.
17:23:19 INFO  : Context for 'APU' is selected.
17:23:19 INFO  : 'stop' command is executed.
17:23:22 INFO  : 'ps7_init' command is executed.
17:23:23 INFO  : 'ps7_post_config' command is executed.
17:23:23 INFO  : Context for processor 'ps7_cortexa9_0' is selected.
17:23:23 INFO  : Processor reset is completed for 'ps7_cortexa9_0'.
17:23:23 INFO  : Context for processor 'ps7_cortexa9_0' is selected.
17:23:23 INFO  : The application 'C:/Users/kab/Desktop/workspace/Zedboard_GPIO_LED/Zedboard_GPIO_LED.sdk/LED_GPIO/Debug/LED_GPIO.elf' is downloaded to processor 'ps7_cortexa9_0'.
17:23:23 INFO  : ----------------XSDB Script----------------
connect -url tcp:127.0.0.1:3121
source C:/Users/kab/Desktop/workspace/Zedboard_GPIO_LED/Zedboard_GPIO_LED.sdk/design_gpio_led_wrapper_hw_platform_0/ps7_init.tcl
targets -set -nocase -filter {name =~"APU*" && jtag_cable_name =~ "Digilent Zed 210248570623"} -index 0
loadhw C:/Users/kab/Desktop/workspace/Zedboard_GPIO_LED/Zedboard_GPIO_LED.sdk/design_gpio_led_wrapper_hw_platform_0/system.hdf
targets -set -nocase -filter {name =~"APU*" && jtag_cable_name =~ "Digilent Zed 210248570623"} -index 0
stop
ps7_init
ps7_post_config
targets -set -nocase -filter {name =~ "ARM*#0" && jtag_cable_name =~ "Digilent Zed 210248570623"} -index 0
rst -processor
targets -set -nocase -filter {name =~ "ARM*#0" && jtag_cable_name =~ "Digilent Zed 210248570623"} -index 0
dow C:/Users/kab/Desktop/workspace/Zedboard_GPIO_LED/Zedboard_GPIO_LED.sdk/LED_GPIO/Debug/LED_GPIO.elf
----------------End of Script----------------

17:23:24 INFO  : Memory regions updated for context APU
17:23:24 INFO  : Context for processor 'ps7_cortexa9_0' is selected.
17:23:25 INFO  : 'con' command is executed.
17:23:25 INFO  : ----------------XSDB Script (After Launch)----------------
targets -set -nocase -filter {name =~ "ARM*#0" && jtag_cable_name =~ "Digilent Zed 210248570623"} -index 0
con
----------------End of Script----------------

17:23:25 INFO  : Launch script is exported to file 'C:\Users\kab\Desktop\workspace\Zedboard_GPIO_LED\Zedboard_GPIO_LED.sdk\.sdk\launch_scripts\xilinx_c-c++_application_(system_debugger)\debug_led_gpio.tcl'
17:24:23 INFO  : Disconnected from the channel tcfchan#22.
17:24:25 INFO  : 'targets -set -filter {jtag_cable_name =~ "Digilent Zed 210248570623" && level==0} -index 1' command is executed.
17:24:25 INFO  : 'fpga -state' command is executed.
17:24:25 INFO  : Connected to target on host '127.0.0.1' and port '3121'.
17:24:26 INFO  : Jtag cable 'Digilent Zed 210248570623' is selected.
17:24:26 INFO  : 'jtag frequency' command is executed.
17:24:26 INFO  : Sourcing of 'C:/Users/kab/Desktop/workspace/Zedboard_GPIO_LED/Zedboard_GPIO_LED.sdk/design_gpio_led_wrapper_hw_platform_0/ps7_init.tcl' is done.
17:24:26 INFO  : Context for 'APU' is selected.
17:24:26 INFO  : Hardware design information is loaded from 'C:/Users/kab/Desktop/workspace/Zedboard_GPIO_LED/Zedboard_GPIO_LED.sdk/design_gpio_led_wrapper_hw_platform_0/system.hdf'.
17:24:26 INFO  : Context for 'APU' is selected.
17:24:27 INFO  : 'stop' command is executed.
17:24:29 INFO  : 'ps7_init' command is executed.
17:24:29 INFO  : 'ps7_post_config' command is executed.
17:24:29 INFO  : Context for processor 'ps7_cortexa9_0' is selected.
17:24:29 INFO  : Processor reset is completed for 'ps7_cortexa9_0'.
17:24:29 INFO  : Context for processor 'ps7_cortexa9_0' is selected.
17:24:30 INFO  : The application 'C:/Users/kab/Desktop/workspace/Zedboard_GPIO_LED/Zedboard_GPIO_LED.sdk/LED_GPIO/Debug/LED_GPIO.elf' is downloaded to processor 'ps7_cortexa9_0'.
17:24:30 INFO  : ----------------XSDB Script----------------
connect -url tcp:127.0.0.1:3121
source C:/Users/kab/Desktop/workspace/Zedboard_GPIO_LED/Zedboard_GPIO_LED.sdk/design_gpio_led_wrapper_hw_platform_0/ps7_init.tcl
targets -set -nocase -filter {name =~"APU*" && jtag_cable_name =~ "Digilent Zed 210248570623"} -index 0
loadhw C:/Users/kab/Desktop/workspace/Zedboard_GPIO_LED/Zedboard_GPIO_LED.sdk/design_gpio_led_wrapper_hw_platform_0/system.hdf
targets -set -nocase -filter {name =~"APU*" && jtag_cable_name =~ "Digilent Zed 210248570623"} -index 0
stop
ps7_init
ps7_post_config
targets -set -nocase -filter {name =~ "ARM*#0" && jtag_cable_name =~ "Digilent Zed 210248570623"} -index 0
rst -processor
targets -set -nocase -filter {name =~ "ARM*#0" && jtag_cable_name =~ "Digilent Zed 210248570623"} -index 0
dow C:/Users/kab/Desktop/workspace/Zedboard_GPIO_LED/Zedboard_GPIO_LED.sdk/LED_GPIO/Debug/LED_GPIO.elf
----------------End of Script----------------

17:24:30 INFO  : Memory regions updated for context APU
17:24:30 INFO  : Context for processor 'ps7_cortexa9_0' is selected.
17:24:30 INFO  : 'con' command is executed.
17:24:30 INFO  : ----------------XSDB Script (After Launch)----------------
targets -set -nocase -filter {name =~ "ARM*#0" && jtag_cable_name =~ "Digilent Zed 210248570623"} -index 0
con
----------------End of Script----------------

17:24:30 INFO  : Launch script is exported to file 'C:\Users\kab\Desktop\workspace\Zedboard_GPIO_LED\Zedboard_GPIO_LED.sdk\.sdk\launch_scripts\xilinx_c-c++_application_(system_debugger)\debug_led_gpio.tcl'
17:31:50 INFO  : Disconnected from the channel tcfchan#23.
17:32:07 ERROR : Unexpected error while parsing XMD response ?: com.google.gson.JsonSyntaxException: com.google.gson.stream.MalformedJsonException: invalid number or unquoted string near 
