
*** Running vivado
    with args -log design_gpio_led_axi_gpio_0_0.vds -m64 -product Vivado -mode batch -messageDb vivado.pb -notrace -source design_gpio_led_axi_gpio_0_0.tcl


****** Vivado v2016.4 (64-bit)
  **** SW Build 1756540 on Mon Jan 23 19:11:23 MST 2017
  **** IP Build 1755317 on Mon Jan 23 20:30:07 MST 2017
    ** Copyright 1986-2016 Xilinx, Inc. All Rights Reserved.

source design_gpio_led_axi_gpio_0_0.tcl -notrace
Starting RTL Elaboration : Time (s): cpu = 00:00:06 ; elapsed = 00:00:07 . Memory (MB): peak = 347.016 ; gain = 137.016
INFO: [Synth 8-638] synthesizing module 'design_gpio_led_axi_gpio_0_0' [c:/Users/kab/Desktop/workspace/Zedboard_GPIO_LED/Zedboard_GPIO_LED.srcs/sources_1/bd/design_gpio_led/ip/design_gpio_led_axi_gpio_0_0/synth/design_gpio_led_axi_gpio_0_0.vhd:85]
INFO: [Synth 8-638] synthesizing module 'axi_gpio' [c:/Users/kab/Desktop/workspace/Zedboard_GPIO_LED/Zedboard_GPIO_LED.srcs/sources_1/bd/design_gpio_led/ipshared/4f16/hdl/axi_gpio_v2_0_vh_rfs.vhd:1091]
INFO: [Synth 8-638] synthesizing module 'axi_lite_ipif' [c:/Users/kab/Desktop/workspace/Zedboard_GPIO_LED/Zedboard_GPIO_LED.srcs/sources_1/bd/design_gpio_led/ipshared/0ba0/hdl/axi_lite_ipif_v3_0_vh_rfs.vhd:2948]
INFO: [Synth 8-638] synthesizing module 'slave_attachment' [c:/Users/kab/Desktop/workspace/Zedboard_GPIO_LED/Zedboard_GPIO_LED.srcs/sources_1/bd/design_gpio_led/ipshared/0ba0/hdl/axi_lite_ipif_v3_0_vh_rfs.vhd:2341]
INFO: [Synth 8-638] synthesizing module 'address_decoder' [c:/Users/kab/Desktop/workspace/Zedboard_GPIO_LED/Zedboard_GPIO_LED.srcs/sources_1/bd/design_gpio_led/ipshared/0ba0/hdl/axi_lite_ipif_v3_0_vh_rfs.vhd:1775]
INFO: [Synth 8-638] synthesizing module 'pselect_f' [c:/Users/kab/Desktop/workspace/Zedboard_GPIO_LED/Zedboard_GPIO_LED.srcs/sources_1/bd/design_gpio_led/ipshared/0ba0/hdl/axi_lite_ipif_v3_0_vh_rfs.vhd:1534]
INFO: [Synth 8-256] done synthesizing module 'pselect_f' (1#1) [c:/Users/kab/Desktop/workspace/Zedboard_GPIO_LED/Zedboard_GPIO_LED.srcs/sources_1/bd/design_gpio_led/ipshared/0ba0/hdl/axi_lite_ipif_v3_0_vh_rfs.vhd:1534]
INFO: [Synth 8-638] synthesizing module 'pselect_f__parameterized0' [c:/Users/kab/Desktop/workspace/Zedboard_GPIO_LED/Zedboard_GPIO_LED.srcs/sources_1/bd/design_gpio_led/ipshared/0ba0/hdl/axi_lite_ipif_v3_0_vh_rfs.vhd:1534]
INFO: [Synth 8-256] done synthesizing module 'pselect_f__parameterized0' (1#1) [c:/Users/kab/Desktop/workspace/Zedboard_GPIO_LED/Zedboard_GPIO_LED.srcs/sources_1/bd/design_gpio_led/ipshared/0ba0/hdl/axi_lite_ipif_v3_0_vh_rfs.vhd:1534]
INFO: [Synth 8-638] synthesizing module 'pselect_f__parameterized1' [c:/Users/kab/Desktop/workspace/Zedboard_GPIO_LED/Zedboard_GPIO_LED.srcs/sources_1/bd/design_gpio_led/ipshared/0ba0/hdl/axi_lite_ipif_v3_0_vh_rfs.vhd:1534]
INFO: [Synth 8-256] done synthesizing module 'pselect_f__parameterized1' (1#1) [c:/Users/kab/Desktop/workspace/Zedboard_GPIO_LED/Zedboard_GPIO_LED.srcs/sources_1/bd/design_gpio_led/ipshared/0ba0/hdl/axi_lite_ipif_v3_0_vh_rfs.vhd:1534]
INFO: [Synth 8-638] synthesizing module 'pselect_f__parameterized2' [c:/Users/kab/Desktop/workspace/Zedboard_GPIO_LED/Zedboard_GPIO_LED.srcs/sources_1/bd/design_gpio_led/ipshared/0ba0/hdl/axi_lite_ipif_v3_0_vh_rfs.vhd:1534]
INFO: [Synth 8-256] done synthesizing module 'pselect_f__parameterized2' (1#1) [c:/Users/kab/Desktop/workspace/Zedboard_GPIO_LED/Zedboard_GPIO_LED.srcs/sources_1/bd/design_gpio_led/ipshared/0ba0/hdl/axi_lite_ipif_v3_0_vh_rfs.vhd:1534]
INFO: [Synth 8-256] done synthesizing module 'address_decoder' (2#1) [c:/Users/kab/Desktop/workspace/Zedboard_GPIO_LED/Zedboard_GPIO_LED.srcs/sources_1/bd/design_gpio_led/ipshared/0ba0/hdl/axi_lite_ipif_v3_0_vh_rfs.vhd:1775]
INFO: [Synth 8-256] done synthesizing module 'slave_attachment' (3#1) [c:/Users/kab/Desktop/workspace/Zedboard_GPIO_LED/Zedboard_GPIO_LED.srcs/sources_1/bd/design_gpio_led/ipshared/0ba0/hdl/axi_lite_ipif_v3_0_vh_rfs.vhd:2341]
INFO: [Synth 8-256] done synthesizing module 'axi_lite_ipif' (4#1) [c:/Users/kab/Desktop/workspace/Zedboard_GPIO_LED/Zedboard_GPIO_LED.srcs/sources_1/bd/design_gpio_led/ipshared/0ba0/hdl/axi_lite_ipif_v3_0_vh_rfs.vhd:2948]
INFO: [Synth 8-638] synthesizing module 'GPIO_Core' [c:/Users/kab/Desktop/workspace/Zedboard_GPIO_LED/Zedboard_GPIO_LED.srcs/sources_1/bd/design_gpio_led/ipshared/4f16/hdl/axi_gpio_v2_0_vh_rfs.vhd:173]
INFO: [Synth 8-638] synthesizing module 'cdc_sync' [c:/Users/kab/Desktop/workspace/Zedboard_GPIO_LED/Zedboard_GPIO_LED.srcs/sources_1/bd/design_gpio_led/ipshared/52cb/hdl/lib_cdc_v1_0_rfs.vhd:106]
INFO: [Synth 8-256] done synthesizing module 'cdc_sync' (5#1) [c:/Users/kab/Desktop/workspace/Zedboard_GPIO_LED/Zedboard_GPIO_LED.srcs/sources_1/bd/design_gpio_led/ipshared/52cb/hdl/lib_cdc_v1_0_rfs.vhd:106]
INFO: [Synth 8-256] done synthesizing module 'GPIO_Core' (6#1) [c:/Users/kab/Desktop/workspace/Zedboard_GPIO_LED/Zedboard_GPIO_LED.srcs/sources_1/bd/design_gpio_led/ipshared/4f16/hdl/axi_gpio_v2_0_vh_rfs.vhd:173]
INFO: [Synth 8-256] done synthesizing module 'axi_gpio' (7#1) [c:/Users/kab/Desktop/workspace/Zedboard_GPIO_LED/Zedboard_GPIO_LED.srcs/sources_1/bd/design_gpio_led/ipshared/4f16/hdl/axi_gpio_v2_0_vh_rfs.vhd:1091]
INFO: [Synth 8-256] done synthesizing module 'design_gpio_led_axi_gpio_0_0' (8#1) [c:/Users/kab/Desktop/workspace/Zedboard_GPIO_LED/Zedboard_GPIO_LED.srcs/sources_1/bd/design_gpio_led/ip/design_gpio_led_axi_gpio_0_0/synth/design_gpio_led_axi_gpio_0_0.vhd:85]
Finished RTL Elaboration : Time (s): cpu = 00:00:07 ; elapsed = 00:00:08 . Memory (MB): peak = 385.180 ; gain = 175.180
Finished RTL Optimization Phase 1 : Time (s): cpu = 00:00:07 ; elapsed = 00:00:08 . Memory (MB): peak = 385.180 ; gain = 175.180
INFO: [Device 21-403] Loading part xc7z020clg484-1
Constraint Validation Runtime : Time (s): cpu = 00:00:00 ; elapsed = 00:00:00.039 . Memory (MB): peak = 705.738 ; gain = 0.051
Finished Constraint Validation : Time (s): cpu = 00:00:15 ; elapsed = 00:00:17 . Memory (MB): peak = 705.738 ; gain = 495.738
Finished Loading Part and Timing Information : Time (s): cpu = 00:00:15 ; elapsed = 00:00:17 . Memory (MB): peak = 705.738 ; gain = 495.738
Finished applying 'set_property' XDC Constraints : Time (s): cpu = 00:00:15 ; elapsed = 00:00:17 . Memory (MB): peak = 705.738 ; gain = 495.738
Finished RTL Optimization Phase 2 : Time (s): cpu = 00:00:15 ; elapsed = 00:00:17 . Memory (MB): peak = 705.738 ; gain = 495.738
Finished Cross Boundary and Area Optimization : Time (s): cpu = 00:00:15 ; elapsed = 00:00:17 . Memory (MB): peak = 705.738 ; gain = 495.738
Finished Applying XDC Timing Constraints : Time (s): cpu = 00:00:24 ; elapsed = 00:00:26 . Memory (MB): peak = 705.738 ; gain = 495.738
Finished Timing Optimization : Time (s): cpu = 00:00:24 ; elapsed = 00:00:26 . Memory (MB): peak = 705.738 ; gain = 495.738
Finished Technology Mapping : Time (s): cpu = 00:00:24 ; elapsed = 00:00:26 . Memory (MB): peak = 705.738 ; gain = 495.738
Finished IO Insertion : Time (s): cpu = 00:00:25 ; elapsed = 00:00:27 . Memory (MB): peak = 705.738 ; gain = 495.738
Finished Renaming Generated Instances : Time (s): cpu = 00:00:25 ; elapsed = 00:00:27 . Memory (MB): peak = 705.738 ; gain = 495.738
Finished Rebuilding User Hierarchy : Time (s): cpu = 00:00:25 ; elapsed = 00:00:27 . Memory (MB): peak = 705.738 ; gain = 495.738
Finished Renaming Generated Ports : Time (s): cpu = 00:00:25 ; elapsed = 00:00:27 . Memory (MB): peak = 705.738 ; gain = 495.738
Finished Handling Custom Attributes : Time (s): cpu = 00:00:25 ; elapsed = 00:00:27 . Memory (MB): peak = 705.738 ; gain = 495.738
Finished Renaming Generated Nets : Time (s): cpu = 00:00:25 ; elapsed = 00:00:27 . Memory (MB): peak = 705.738 ; gain = 495.738

Report Cell Usage: 
+------+-----+------+
|      |Cell |Count |
+------+-----+------+
|1     |LUT1 |     2|
|2     |LUT2 |     6|
|3     |LUT3 |     3|
|4     |LUT4 |     3|
|5     |LUT5 |     9|
|6     |LUT6 |    33|
|7     |FDR  |    64|
|8     |FDRE |    85|
|9     |FDSE |    16|
+------+-----+------+
Finished Writing Synthesis Report : Time (s): cpu = 00:00:25 ; elapsed = 00:00:27 . Memory (MB): peak = 705.738 ; gain = 495.738
synth_design: Time (s): cpu = 00:00:23 ; elapsed = 00:00:23 . Memory (MB): peak = 705.738 ; gain = 441.418
